▶ load-harness mixed mode at 2026-05-09T16:48:08.706Z
  api_base=https://arkova-worker-staging-270018525501.us-central1.run.app  duration=240min  endAt=2026-05-09T20:48:08.706Z
  cron_secret=set  api_key=unset (anchor synthetic; reads anonymous)

[t+60s] total=165 rate=2.7/s
  cron       ok=0 fail=5 err=100.0% p50=147ms p95=163ms p99=163ms statuses[401=5]
  webhook    ok=0 fail=10 err=100.0% p50=44ms p95=185ms p99=185ms statuses[401=10]
  reads      ok=0 fail=50 err=100.0% p50=48ms p95=170ms p99=227ms statuses[401=50]
  events     ok=0 fail=100 err=100.0% p50=49ms p95=227ms p99=257ms statuses[401=100]

[t+120s] total=324 rate=2.7/s
  cron       ok=0 fail=5 err=100.0% p50=147ms p95=163ms p99=163ms statuses[401=5]
  webhook    ok=0 fail=20 err=100.0% p50=47ms p95=230ms p99=230ms statuses[401=20]
  reads      ok=0 fail=100 err=100.0% p50=49ms p95=213ms p99=227ms statuses[401=100]
  events     ok=0 fail=199 err=100.0% p50=50ms p95=196ms p99=243ms statuses[401=199]

[t+180s] total=484 rate=2.7/s
  cron       ok=0 fail=5 err=100.0% p50=147ms p95=163ms p99=163ms statuses[401=5]
  webhook    ok=0 fail=30 err=100.0% p50=47ms p95=230ms p99=469ms statuses[401=30]
  reads      ok=0 fail=150 err=100.0% p50=47ms p95=165ms p99=224ms statuses[401=150]
  events     ok=0 fail=299 err=100.0% p50=48ms p95=196ms p99=243ms statuses[401=299]

[t+240s] total=644 rate=2.7/s
  cron       ok=0 fail=5 err=100.0% p50=147ms p95=163ms p99=163ms statuses[401=5]
  webhook    ok=0 fail=40 err=100.0% p50=47ms p95=230ms p99=469ms statuses[401=40]
  reads      ok=0 fail=200 err=100.0% p50=46ms p95=144ms p99=224ms statuses[401=200]
  events     ok=0 fail=399 err=100.0% p50=48ms p95=187ms p99=239ms statuses[401=399]

[t+300s] total=803 rate=2.7/s
  cron       ok=0 fail=5 err=100.0% p50=147ms p95=163ms p99=163ms statuses[401=5]
  webhook    ok=0 fail=50 err=100.0% p50=46ms p95=185ms p99=469ms statuses[401=50]
  reads      ok=0 fail=250 err=100.0% p50=46ms p95=124ms p99=219ms statuses[401=250]
  events     ok=0 fail=498 err=100.0% p50=47ms p95=198ms p99=257ms statuses[401=498]

[t+360s] total=968 rate=2.7/s
  cron       ok=0 fail=10 err=100.0% p50=147ms p95=164ms p99=164ms statuses[401=10]
  webhook    ok=0 fail=60 err=100.0% p50=46ms p95=216ms p99=469ms statuses[401=60]
  reads      ok=0 fail=300 err=100.0% p50=46ms p95=124ms p99=227ms statuses[401=300]
  events     ok=0 fail=598 err=100.0% p50=47ms p95=204ms p99=257ms statuses[401=598]

[t+420s] total=1128 rate=2.7/s
  cron       ok=0 fail=10 err=100.0% p50=147ms p95=164ms p99=164ms statuses[401=10]
  webhook    ok=0 fail=70 err=100.0% p50=46ms p95=216ms p99=469ms statuses[401=70]
  reads      ok=0 fail=350 err=100.0% p50=46ms p95=131ms p99=227ms statuses[401=350]
  events     ok=0 fail=698 err=100.0% p50=47ms p95=201ms p99=287ms statuses[401=698]

[t+480s] total=1287 rate=2.7/s
  cron       ok=0 fail=10 err=100.0% p50=147ms p95=164ms p99=164ms statuses[401=10]
  webhook    ok=0 fail=80 err=100.0% p50=46ms p95=216ms p99=469ms statuses[401=80]
  reads      ok=0 fail=400 err=100.0% p50=46ms p95=124ms p99=227ms statuses[401=400]
  events     ok=0 fail=797 err=100.0% p50=47ms p95=198ms p99=287ms statuses[401=797]

[t+540s] total=1446 rate=2.7/s
  cron       ok=0 fail=10 err=100.0% p50=147ms p95=164ms p99=164ms statuses[401=10]
  webhook    ok=0 fail=90 err=100.0% p50=46ms p95=216ms p99=469ms statuses[401=90]
  reads      ok=0 fail=449 err=100.0% p50=46ms p95=117ms p99=227ms statuses[401=449]
  events     ok=0 fail=897 err=100.0% p50=47ms p95=198ms p99=287ms statuses[401=897]

[t+600s] total=1605 rate=2.7/s
  cron       ok=0 fail=10 err=100.0% p50=147ms p95=164ms p99=164ms statuses[401=10]
  webhook    ok=0 fail=100 err=100.0% p50=46ms p95=216ms p99=469ms statuses[401=100]
  reads      ok=0 fail=499 err=100.0% p50=45ms p95=124ms p99=227ms statuses[401=499]
  events     ok=0 fail=996 err=100.0% p50=46ms p95=196ms p99=287ms statuses[401=996]

[t+660s] total=1770 rate=2.7/s
  cron       ok=0 fail=15 err=100.0% p50=145ms p95=993ms p99=993ms statuses[401=15]
  webhook    ok=0 fail=110 err=100.0% p50=46ms p95=216ms p99=329ms statuses[401=110]
  reads      ok=0 fail=549 err=100.0% p50=45ms p95=117ms p99=224ms statuses[401=549]
  events     ok=0 fail=1096 err=100.0% p50=46ms p95=201ms p99=287ms statuses[401=1096]

[t+720s] total=1929 rate=2.7/s
  cron       ok=0 fail=15 err=100.0% p50=145ms p95=993ms p99=993ms statuses[401=15]
  webhook    ok=0 fail=120 err=100.0% p50=46ms p95=230ms p99=469ms statuses[401=120]
  reads      ok=0 fail=599 err=100.0% p50=45ms p95=117ms p99=227ms statuses[401=599]
  events     ok=0 fail=1195 err=100.0% p50=46ms p95=198ms p99=287ms statuses[401=1195]

[t+780s] total=2089 rate=2.7/s
  cron       ok=0 fail=15 err=100.0% p50=145ms p95=993ms p99=993ms statuses[401=15]
  webhook    ok=0 fail=130 err=100.0% p50=46ms p95=216ms p99=469ms statuses[401=130]
  reads      ok=0 fail=649 err=100.0% p50=45ms p95=123ms p99=227ms statuses[401=649]
  events     ok=0 fail=1295 err=100.0% p50=46ms p95=196ms p99=257ms statuses[401=1295]

[t+840s] total=2249 rate=2.7/s
  cron       ok=0 fail=15 err=100.0% p50=145ms p95=993ms p99=993ms statuses[401=15]
  webhook    ok=0 fail=140 err=100.0% p50=46ms p95=216ms p99=469ms statuses[401=140]
  reads      ok=0 fail=699 err=100.0% p50=45ms p95=123ms p99=227ms statuses[401=699]
  events     ok=0 fail=1395 err=100.0% p50=46ms p95=176ms p99=251ms statuses[401=1395]

[t+900s] total=2408 rate=2.7/s
  cron       ok=0 fail=15 err=100.0% p50=145ms p95=993ms p99=993ms statuses[401=15]
  webhook    ok=0 fail=150 err=100.0% p50=46ms p95=211ms p99=469ms statuses[401=150]
  reads      ok=0 fail=749 err=100.0% p50=45ms p95=120ms p99=227ms statuses[401=749]
  events     ok=0 fail=1494 err=100.0% p50=46ms p95=172ms p99=243ms statuses[401=1494]

[t+960s] total=2573 rate=2.7/s
  cron       ok=0 fail=20 err=100.0% p50=145ms p95=993ms p99=993ms statuses[401=20]
  webhook    ok=0 fail=160 err=100.0% p50=47ms p95=211ms p99=469ms statuses[401=160]
  reads      ok=0 fail=799 err=100.0% p50=45ms p95=131ms p99=229ms statuses[401=799]
  events     ok=0 fail=1594 err=100.0% p50=46ms p95=160ms p99=239ms statuses[401=1594]

[t+1020s] total=2732 rate=2.7/s
  cron       ok=0 fail=20 err=100.0% p50=145ms p95=993ms p99=993ms statuses[401=20]
  webhook    ok=0 fail=170 err=100.0% p50=47ms p95=211ms p99=473ms statuses[401=170]
  reads      ok=0 fail=849 err=100.0% p50=45ms p95=135ms p99=238ms statuses[401=849]
  events     ok=0 fail=1693 err=100.0% p50=46ms p95=190ms p99=251ms statuses[401=1693]

[t+1080s] total=2892 rate=2.7/s
  cron       ok=0 fail=20 err=100.0% p50=145ms p95=993ms p99=993ms statuses[401=20]
  webhook    ok=0 fail=180 err=100.0% p50=47ms p95=211ms p99=473ms statuses[401=180]
  reads      ok=0 fail=899 err=100.0% p50=45ms p95=141ms p99=242ms statuses[401=899]
  events     ok=0 fail=1793 err=100.0% p50=46ms p95=190ms p99=251ms statuses[401=1793]

[t+1140s] total=3051 rate=2.7/s
  cron       ok=0 fail=20 err=100.0% p50=145ms p95=993ms p99=993ms statuses[401=20]
  webhook    ok=0 fail=190 err=100.0% p50=47ms p95=205ms p99=473ms statuses[401=190]
  reads      ok=0 fail=948 err=100.0% p50=45ms p95=132ms p99=241ms statuses[401=948]
  events     ok=0 fail=1893 err=100.0% p50=46ms p95=176ms p99=251ms statuses[401=1893]

[t+1200s] total=3210 rate=2.7/s
  cron       ok=0 fail=20 err=100.0% p50=145ms p95=993ms p99=993ms statuses[401=20]
  webhook    ok=0 fail=200 err=100.0% p50=47ms p95=205ms p99=473ms statuses[401=200]
  reads      ok=0 fail=998 err=100.0% p50=45ms p95=135ms p99=242ms statuses[401=998]
  events     ok=0 fail=1992 err=100.0% p50=46ms p95=168ms p99=246ms statuses[401=1992]

[t+1260s] total=3375 rate=2.7/s
  cron       ok=0 fail=25 err=100.0% p50=142ms p95=235ms p99=993ms statuses[401=25]
  webhook    ok=0 fail=210 err=100.0% p50=47ms p95=204ms p99=469ms statuses[401=210]
  reads      ok=0 fail=1048 err=100.0% p50=45ms p95=144ms p99=243ms statuses[401=1048]
  events     ok=0 fail=2092 err=100.0% p50=46ms p95=170ms p99=246ms statuses[401=2092]

[t+1320s] total=3535 rate=2.7/s
  cron       ok=0 fail=25 err=100.0% p50=142ms p95=235ms p99=993ms statuses[401=25]
  webhook    ok=0 fail=220 err=100.0% p50=46ms p95=204ms p99=469ms statuses[401=220]
  reads      ok=0 fail=1098 err=100.0% p50=45ms p95=145ms p99=243ms statuses[401=1098]
  events     ok=0 fail=2192 err=100.0% p50=46ms p95=171ms p99=245ms statuses[401=2192]

[t+1380s] total=3694 rate=2.7/s
  cron       ok=0 fail=25 err=100.0% p50=142ms p95=235ms p99=993ms statuses[401=25]
  webhook    ok=0 fail=230 err=100.0% p50=46ms p95=204ms p99=469ms statuses[401=230]
  reads      ok=0 fail=1148 err=100.0% p50=45ms p95=141ms p99=242ms statuses[401=1148]
  events     ok=0 fail=2291 err=100.0% p50=46ms p95=160ms p99=243ms statuses[401=2291]

[t+1440s] total=3854 rate=2.7/s
  cron       ok=0 fail=25 err=100.0% p50=142ms p95=235ms p99=993ms statuses[401=25]
  webhook    ok=0 fail=240 err=100.0% p50=46ms p95=204ms p99=473ms statuses[401=240]
  reads      ok=0 fail=1198 err=100.0% p50=45ms p95=141ms p99=242ms statuses[401=1198]
  events     ok=0 fail=2391 err=100.0% p50=46ms p95=154ms p99=239ms statuses[401=2391]

[t+1500s] total=4014 rate=2.7/s
  cron       ok=0 fail=25 err=100.0% p50=142ms p95=235ms p99=993ms statuses[401=25]
  webhook    ok=0 fail=250 err=100.0% p50=46ms p95=205ms p99=473ms statuses[401=250]
  reads      ok=0 fail=1248 err=100.0% p50=45ms p95=144ms p99=251ms statuses[401=1248]
  events     ok=0 fail=2491 err=100.0% p50=46ms p95=146ms p99=237ms statuses[401=2491]

[t+1560s] total=4178 rate=2.7/s
  cron       ok=0 fail=30 err=100.0% p50=143ms p95=288ms p99=993ms statuses[401=30]
  webhook    ok=0 fail=260 err=100.0% p50=46ms p95=211ms p99=473ms statuses[401=260]
  reads      ok=0 fail=1298 err=100.0% p50=45ms p95=141ms p99=251ms statuses[401=1298]
  events     ok=0 fail=2590 err=100.0% p50=46ms p95=146ms p99=235ms statuses[401=2590]

[t+1620s] total=4338 rate=2.7/s
  cron       ok=0 fail=30 err=100.0% p50=143ms p95=288ms p99=993ms statuses[401=30]
  webhook    ok=0 fail=270 err=100.0% p50=46ms p95=205ms p99=473ms statuses[401=270]
  reads      ok=0 fail=1348 err=100.0% p50=45ms p95=141ms p99=243ms statuses[401=1348]
  events     ok=0 fail=2690 err=100.0% p50=46ms p95=142ms p99=231ms statuses[401=2690]

[t+1680s] total=4497 rate=2.7/s
  cron       ok=0 fail=30 err=100.0% p50=143ms p95=288ms p99=993ms statuses[401=30]
  webhook    ok=0 fail=280 err=100.0% p50=46ms p95=205ms p99=473ms statuses[401=280]
  reads      ok=0 fail=1398 err=100.0% p50=45ms p95=144ms p99=243ms statuses[401=1398]
  events     ok=0 fail=2789 err=100.0% p50=46ms p95=143ms p99=235ms statuses[401=2789]

[t+1740s] total=4656 rate=2.7/s
  cron       ok=0 fail=30 err=100.0% p50=143ms p95=288ms p99=993ms statuses[401=30]
  webhook    ok=0 fail=290 err=100.0% p50=47ms p95=204ms p99=473ms statuses[401=290]
  reads      ok=0 fail=1447 err=100.0% p50=45ms p95=144ms p99=242ms statuses[401=1447]
  events     ok=0 fail=2889 err=100.0% p50=46ms p95=154ms p99=235ms statuses[401=2889]

[t+1800s] total=4815 rate=2.7/s
  cron       ok=0 fail=30 err=100.0% p50=143ms p95=288ms p99=993ms statuses[401=30]
  webhook    ok=0 fail=300 err=100.0% p50=47ms p95=204ms p99=473ms statuses[401=300]
  reads      ok=0 fail=1497 err=100.0% p50=45ms p95=145ms p99=242ms statuses[401=1497]
  events     ok=0 fail=2988 err=100.0% p50=46ms p95=146ms p99=231ms statuses[401=2988]

[t+1860s] total=4980 rate=2.7/s
  cron       ok=0 fail=35 err=100.0% p50=143ms p95=288ms p99=993ms statuses[401=35]
  webhook    ok=0 fail=310 err=100.0% p50=46ms p95=204ms p99=469ms statuses[401=310]
  reads      ok=0 fail=1547 err=100.0% p50=45ms p95=145ms p99=241ms statuses[401=1547]
  events     ok=0 fail=3088 err=100.0% p50=46ms p95=164ms p99=231ms statuses[401=3088]

[t+1920s] total=5140 rate=2.7/s
  cron       ok=0 fail=35 err=100.0% p50=143ms p95=288ms p99=993ms statuses[401=35]
  webhook    ok=0 fail=320 err=100.0% p50=46ms p95=204ms p99=469ms statuses[401=320]
  reads      ok=0 fail=1597 err=100.0% p50=45ms p95=165ms p99=242ms statuses[401=1597]
  events     ok=0 fail=3188 err=100.0% p50=46ms p95=155ms p99=231ms statuses[401=3188]

[t+1980s] total=5299 rate=2.7/s
  cron       ok=0 fail=35 err=100.0% p50=143ms p95=288ms p99=993ms statuses[401=35]
  webhook    ok=0 fail=330 err=100.0% p50=46ms p95=204ms p99=469ms statuses[401=330]
  reads      ok=0 fail=1647 err=100.0% p50=45ms p95=165ms p99=242ms statuses[401=1647]
  events     ok=0 fail=3287 err=100.0% p50=46ms p95=160ms p99=231ms statuses[401=3287]

[t+2040s] total=5459 rate=2.7/s
  cron       ok=0 fail=35 err=100.0% p50=143ms p95=288ms p99=993ms statuses[401=35]
  webhook    ok=0 fail=340 err=100.0% p50=46ms p95=204ms p99=469ms statuses[401=340]
  reads      ok=0 fail=1697 err=100.0% p50=45ms p95=185ms p99=253ms statuses[401=1697]
  events     ok=0 fail=3387 err=100.0% p50=46ms p95=187ms p99=246ms statuses[401=3387]

[t+2100s] total=5619 rate=2.7/s
  cron       ok=0 fail=35 err=100.0% p50=143ms p95=288ms p99=993ms statuses[401=35]
  webhook    ok=0 fail=350 err=100.0% p50=46ms p95=204ms p99=469ms statuses[401=350]
  reads      ok=0 fail=1747 err=100.0% p50=45ms p95=165ms p99=251ms statuses[401=1747]
  events     ok=0 fail=3487 err=100.0% p50=46ms p95=192ms p99=251ms statuses[401=3487]

[t+2160s] total=5782 rate=2.7/s
  cron       ok=0 fail=40 err=100.0% p50=143ms p95=288ms p99=993ms statuses[401=40]
  webhook    ok=0 fail=360 err=100.0% p50=46ms p95=204ms p99=469ms statuses[401=360]
  reads      ok=0 fail=1796 err=100.0% p50=45ms p95=170ms p99=251ms statuses[401=1796]
  events     ok=0 fail=3586 err=100.0% p50=46ms p95=189ms p99=246ms statuses[401=3586]

[t+2220s] total=5943 rate=2.7/s
  cron       ok=0 fail=40 err=100.0% p50=143ms p95=288ms p99=993ms statuses[401=40]
  webhook    ok=0 fail=370 err=100.0% p50=46ms p95=204ms p99=469ms statuses[401=370]
  reads      ok=0 fail=1847 err=100.0% p50=45ms p95=197ms p99=253ms statuses[401=1847]
  events     ok=0 fail=3686 err=100.0% p50=46ms p95=192ms p99=269ms statuses[401=3686]

[t+2280s] total=6101 rate=2.7/s
  cron       ok=0 fail=40 err=100.0% p50=143ms p95=288ms p99=993ms statuses[401=40]
  webhook    ok=0 fail=380 err=100.0% p50=46ms p95=204ms p99=469ms statuses[401=380]
  reads      ok=0 fail=1896 err=100.0% p50=45ms p95=199ms p99=253ms statuses[401=1896]
  events     ok=0 fail=3785 err=100.0% p50=46ms p95=192ms p99=261ms statuses[401=3785]

[t+2340s] total=6261 rate=2.7/s
  cron       ok=0 fail=40 err=100.0% p50=143ms p95=288ms p99=993ms statuses[401=40]
  webhook    ok=0 fail=390 err=100.0% p50=46ms p95=205ms p99=469ms statuses[401=390]
  reads      ok=0 fail=1946 err=100.0% p50=45ms p95=186ms p99=251ms statuses[401=1946]
  events     ok=0 fail=3885 err=100.0% p50=46ms p95=190ms p99=261ms statuses[401=3885]

[t+2400s] total=6421 rate=2.7/s
  cron       ok=0 fail=40 err=100.0% p50=143ms p95=288ms p99=993ms statuses[401=40]
  webhook    ok=0 fail=400 err=100.0% p50=46ms p95=205ms p99=469ms statuses[401=400]
  reads      ok=0 fail=1996 err=100.0% p50=45ms p95=185ms p99=251ms statuses[401=1996]
  events     ok=0 fail=3985 err=100.0% p50=46ms p95=189ms p99=261ms statuses[401=3985]

[t+2460s] total=6585 rate=2.7/s
  cron       ok=0 fail=45 err=100.0% p50=142ms p95=277ms p99=993ms statuses[401=45]
  webhook    ok=0 fail=410 err=100.0% p50=46ms p95=204ms p99=469ms statuses[401=410]
  reads      ok=0 fail=2046 err=100.0% p50=45ms p95=165ms p99=251ms statuses[401=2046]
  events     ok=0 fail=4084 err=100.0% p50=46ms p95=192ms p99=261ms statuses[401=4084]

[t+2520s] total=6745 rate=2.7/s
  cron       ok=0 fail=45 err=100.0% p50=142ms p95=277ms p99=993ms statuses[401=45]
  webhook    ok=0 fail=420 err=100.0% p50=46ms p95=204ms p99=469ms statuses[401=420]
  reads      ok=0 fail=2096 err=100.0% p50=45ms p95=165ms p99=251ms statuses[401=2096]
  events     ok=0 fail=4184 err=100.0% p50=46ms p95=189ms p99=260ms statuses[401=4184]

[t+2580s] total=6904 rate=2.7/s
  cron       ok=0 fail=45 err=100.0% p50=142ms p95=277ms p99=993ms statuses[401=45]
  webhook    ok=0 fail=430 err=100.0% p50=46ms p95=205ms p99=469ms statuses[401=430]
  reads      ok=0 fail=2146 err=100.0% p50=45ms p95=163ms p99=251ms statuses[401=2146]
  events     ok=0 fail=4283 err=100.0% p50=46ms p95=190ms p99=257ms statuses[401=4283]

[t+2640s] total=7064 rate=2.7/s
  cron       ok=0 fail=45 err=100.0% p50=142ms p95=277ms p99=993ms statuses[401=45]
  webhook    ok=0 fail=440 err=100.0% p50=46ms p95=205ms p99=469ms statuses[401=440]
  reads      ok=0 fail=2196 err=100.0% p50=45ms p95=163ms p99=251ms statuses[401=2196]
  events     ok=0 fail=4383 err=100.0% p50=46ms p95=184ms p99=252ms statuses[401=4383]

[t+2700s] total=7224 rate=2.7/s
  cron       ok=0 fail=45 err=100.0% p50=142ms p95=277ms p99=993ms statuses[401=45]
  webhook    ok=0 fail=450 err=100.0% p50=46ms p95=204ms p99=469ms statuses[401=450]
  reads      ok=0 fail=2246 err=100.0% p50=45ms p95=153ms p99=243ms statuses[401=2246]
  events     ok=0 fail=4483 err=100.0% p50=46ms p95=177ms p99=251ms statuses[401=4483]

[t+2760s] total=7388 rate=2.7/s
  cron       ok=0 fail=50 err=100.0% p50=142ms p95=277ms p99=993ms statuses[401=50]
  webhook    ok=0 fail=460 err=100.0% p50=46ms p95=205ms p99=469ms statuses[401=460]
  reads      ok=0 fail=2296 err=100.0% p50=45ms p95=150ms p99=243ms statuses[401=2296]
  events     ok=0 fail=4582 err=100.0% p50=46ms p95=183ms p99=246ms statuses[401=4582]

[t+2820s] total=7548 rate=2.7/s
  cron       ok=0 fail=50 err=100.0% p50=142ms p95=277ms p99=993ms statuses[401=50]
  webhook    ok=0 fail=470 err=100.0% p50=46ms p95=204ms p99=469ms statuses[401=470]
  reads      ok=0 fail=2346 err=100.0% p50=45ms p95=152ms p99=243ms statuses[401=2346]
  events     ok=0 fail=4682 err=100.0% p50=46ms p95=183ms p99=245ms statuses[401=4682]

[t+2880s] total=7706 rate=2.7/s
  cron       ok=0 fail=50 err=100.0% p50=142ms p95=277ms p99=993ms statuses[401=50]
  webhook    ok=0 fail=480 err=100.0% p50=46ms p95=204ms p99=469ms statuses[401=480]
  reads      ok=0 fail=2395 err=100.0% p50=45ms p95=152ms p99=243ms statuses[401=2395]
  events     ok=0 fail=4781 err=100.0% p50=46ms p95=184ms p99=244ms statuses[401=4781]

[t+2940s] total=7866 rate=2.7/s
  cron       ok=0 fail=50 err=100.0% p50=142ms p95=277ms p99=993ms statuses[401=50]
  webhook    ok=0 fail=490 err=100.0% p50=46ms p95=204ms p99=469ms statuses[401=490]
  reads      ok=0 fail=2445 err=100.0% p50=45ms p95=152ms p99=243ms statuses[401=2445]
  events     ok=0 fail=4881 err=100.0% p50=46ms p95=183ms p99=243ms statuses[401=4881]

[t+3000s] total=8025 rate=2.7/s
  cron       ok=0 fail=50 err=100.0% p50=142ms p95=277ms p99=993ms statuses[401=50]
  webhook    ok=0 fail=500 err=100.0% p50=46ms p95=204ms p99=469ms statuses[401=500]
  reads      ok=0 fail=2495 err=100.0% p50=45ms p95=161ms p99=243ms statuses[401=2495]
  events     ok=0 fail=4980 err=100.0% p50=46ms p95=177ms p99=239ms statuses[401=4980]

[t+3060s] total=8190 rate=2.7/s
  cron       ok=0 fail=55 err=100.0% p50=143ms p95=585ms p99=993ms statuses[401=55]
  webhook    ok=0 fail=510 err=100.0% p50=46ms p95=204ms p99=455ms statuses[401=510]
  reads      ok=0 fail=2545 err=100.0% p50=45ms p95=161ms p99=242ms statuses[401=2545]
  events     ok=0 fail=5080 err=100.0% p50=46ms p95=171ms p99=239ms statuses[401=5080]

[t+3120s] total=8350 rate=2.7/s
  cron       ok=0 fail=55 err=100.0% p50=143ms p95=585ms p99=993ms statuses[401=55]
  webhook    ok=0 fail=520 err=100.0% p50=46ms p95=205ms p99=455ms statuses[401=520]
  reads      ok=0 fail=2595 err=100.0% p50=45ms p95=170ms p99=243ms statuses[401=2595]
  events     ok=0 fail=5180 err=100.0% p50=46ms p95=171ms p99=239ms statuses[401=5180]

[t+3180s] total=8509 rate=2.7/s
  cron       ok=0 fail=55 err=100.0% p50=143ms p95=585ms p99=993ms statuses[401=55]
  webhook    ok=0 fail=530 err=100.0% p50=46ms p95=205ms p99=455ms statuses[401=530]
  reads      ok=0 fail=2645 err=100.0% p50=45ms p95=165ms p99=242ms statuses[401=2645]
  events     ok=0 fail=5279 err=100.0% p50=46ms p95=164ms p99=237ms statuses[401=5279]

[t+3240s] total=8669 rate=2.7/s
  cron       ok=0 fail=55 err=100.0% p50=143ms p95=585ms p99=993ms statuses[401=55]
  webhook    ok=0 fail=540 err=100.0% p50=46ms p95=205ms p99=455ms statuses[401=540]
  reads      ok=0 fail=2695 err=100.0% p50=45ms p95=165ms p99=242ms statuses[401=2695]
  events     ok=0 fail=5379 err=100.0% p50=46ms p95=170ms p99=243ms statuses[401=5379]

[t+3300s] total=8828 rate=2.7/s
  cron       ok=0 fail=55 err=100.0% p50=143ms p95=585ms p99=993ms statuses[401=55]
  webhook    ok=0 fail=550 err=100.0% p50=46ms p95=205ms p99=455ms statuses[401=550]
  reads      ok=0 fail=2745 err=100.0% p50=45ms p95=163ms p99=241ms statuses[401=2745]
  events     ok=0 fail=5478 err=100.0% p50=46ms p95=168ms p99=243ms statuses[401=5478]

[t+3360s] total=8993 rate=2.7/s
  cron       ok=0 fail=60 err=100.0% p50=143ms p95=585ms p99=993ms statuses[401=60]
  webhook    ok=0 fail=560 err=100.0% p50=46ms p95=205ms p99=455ms statuses[401=560]
  reads      ok=0 fail=2795 err=100.0% p50=45ms p95=161ms p99=241ms statuses[401=2795]
  events     ok=0 fail=5578 err=100.0% p50=46ms p95=168ms p99=241ms statuses[401=5578]

[t+3420s] total=9152 rate=2.7/s
  cron       ok=0 fail=60 err=100.0% p50=143ms p95=585ms p99=993ms statuses[401=60]
  webhook    ok=0 fail=570 err=100.0% p50=46ms p95=204ms p99=455ms statuses[401=570]
  reads      ok=0 fail=2844 err=100.0% p50=45ms p95=160ms p99=241ms statuses[401=2844]
  events     ok=0 fail=5678 err=100.0% p50=46ms p95=164ms p99=241ms statuses[401=5678]

[t+3480s] total=9311 rate=2.7/s
  cron       ok=0 fail=60 err=100.0% p50=143ms p95=585ms p99=993ms statuses[401=60]
  webhook    ok=0 fail=580 err=100.0% p50=46ms p95=204ms p99=455ms statuses[401=580]
  reads      ok=0 fail=2894 err=100.0% p50=45ms p95=153ms p99=241ms statuses[401=2894]
  events     ok=0 fail=5777 err=100.0% p50=46ms p95=170ms p99=239ms statuses[401=5777]

[t+3540s] total=9471 rate=2.7/s
  cron       ok=0 fail=60 err=100.0% p50=143ms p95=585ms p99=993ms statuses[401=60]
  webhook    ok=0 fail=590 err=100.0% p50=46ms p95=206ms p99=455ms statuses[401=590]
  reads      ok=0 fail=2944 err=100.0% p50=45ms p95=150ms p99=241ms statuses[401=2944]
  events     ok=0 fail=5877 err=100.0% p50=46ms p95=168ms p99=237ms statuses[401=5877]

[t+3600s] total=9630 rate=2.7/s
  cron       ok=0 fail=60 err=100.0% p50=143ms p95=585ms p99=993ms statuses[401=60]
  webhook    ok=0 fail=600 err=100.0% p50=46ms p95=206ms p99=455ms statuses[401=600]
  reads      ok=0 fail=2994 err=100.0% p50=45ms p95=148ms p99=241ms statuses[401=2994]
  events     ok=0 fail=5976 err=100.0% p50=46ms p95=165ms p99=237ms statuses[401=5976]

[t+3660s] total=9795 rate=2.7/s
  cron       ok=0 fail=65 err=100.0% p50=145ms p95=575ms p99=993ms statuses[401=65]
  webhook    ok=0 fail=610 err=100.0% p50=46ms p95=206ms p99=455ms statuses[401=610]
  reads      ok=0 fail=3044 err=100.0% p50=45ms p95=148ms p99=239ms statuses[401=3044]
  events     ok=0 fail=6076 err=100.0% p50=46ms p95=165ms p99=235ms statuses[401=6076]

[t+3720s] total=9955 rate=2.7/s
  cron       ok=0 fail=65 err=100.0% p50=145ms p95=575ms p99=993ms statuses[401=65]
  webhook    ok=0 fail=620 err=100.0% p50=46ms p95=208ms p99=455ms statuses[401=620]
  reads      ok=0 fail=3094 err=100.0% p50=45ms p95=152ms p99=241ms statuses[401=3094]
  events     ok=0 fail=6176 err=100.0% p50=46ms p95=168ms p99=237ms statuses[401=6176]

[t+3780s] total=10114 rate=2.7/s
  cron       ok=0 fail=65 err=100.0% p50=145ms p95=575ms p99=993ms statuses[401=65]
  webhook    ok=0 fail=630 err=100.0% p50=46ms p95=206ms p99=455ms statuses[401=630]
  reads      ok=0 fail=3144 err=100.0% p50=45ms p95=148ms p99=239ms statuses[401=3144]
  events     ok=0 fail=6275 err=100.0% p50=46ms p95=159ms p99=235ms statuses[401=6275]

[t+3840s] total=10274 rate=2.7/s
  cron       ok=0 fail=65 err=100.0% p50=145ms p95=575ms p99=993ms statuses[401=65]
  webhook    ok=0 fail=640 err=100.0% p50=46ms p95=206ms p99=455ms statuses[401=640]
  reads      ok=0 fail=3194 err=100.0% p50=45ms p95=145ms p99=239ms statuses[401=3194]
  events     ok=0 fail=6375 err=100.0% p50=46ms p95=164ms p99=235ms statuses[401=6375]

[t+3900s] total=10434 rate=2.7/s
  cron       ok=0 fail=65 err=100.0% p50=145ms p95=575ms p99=993ms statuses[401=65]
  webhook    ok=0 fail=650 err=100.0% p50=46ms p95=205ms p99=455ms statuses[401=650]
  reads      ok=0 fail=3244 err=100.0% p50=45ms p95=144ms p99=238ms statuses[401=3244]
  events     ok=0 fail=6475 err=100.0% p50=46ms p95=176ms p99=235ms statuses[401=6475]

[t+3960s] total=10598 rate=2.7/s
  cron       ok=0 fail=70 err=100.0% p50=147ms p95=575ms p99=993ms statuses[401=70]
  webhook    ok=0 fail=660 err=100.0% p50=46ms p95=205ms p99=455ms statuses[401=660]
  reads      ok=0 fail=3294 err=100.0% p50=45ms p95=145ms p99=238ms statuses[401=3294]
  events     ok=0 fail=6574 err=100.0% p50=46ms p95=172ms p99=232ms statuses[401=6574]

[t+4020s] total=10757 rate=2.7/s
  cron       ok=0 fail=70 err=100.0% p50=147ms p95=575ms p99=993ms statuses[401=70]
  webhook    ok=0 fail=670 err=100.0% p50=46ms p95=204ms p99=455ms statuses[401=670]
  reads      ok=0 fail=3343 err=100.0% p50=45ms p95=145ms p99=234ms statuses[401=3343]
  events     ok=0 fail=6674 err=100.0% p50=46ms p95=176ms p99=231ms statuses[401=6674]

[t+4080s] total=10916 rate=2.7/s
  cron       ok=0 fail=70 err=100.0% p50=147ms p95=575ms p99=993ms statuses[401=70]
  webhook    ok=0 fail=680 err=100.0% p50=46ms p95=204ms p99=455ms statuses[401=680]
  reads      ok=0 fail=3393 err=100.0% p50=45ms p95=144ms p99=234ms statuses[401=3393]
  events     ok=0 fail=6773 err=100.0% p50=46ms p95=168ms p99=231ms statuses[401=6773]

[t+4140s] total=11076 rate=2.7/s
  cron       ok=0 fail=70 err=100.0% p50=147ms p95=575ms p99=993ms statuses[401=70]
  webhook    ok=0 fail=690 err=100.0% p50=46ms p95=204ms p99=455ms statuses[401=690]
  reads      ok=0 fail=3443 err=100.0% p50=45ms p95=142ms p99=229ms statuses[401=3443]
  events     ok=0 fail=6873 err=100.0% p50=46ms p95=159ms p99=231ms statuses[401=6873]

[t+4200s] total=11235 rate=2.7/s
  cron       ok=0 fail=70 err=100.0% p50=147ms p95=575ms p99=993ms statuses[401=70]
  webhook    ok=0 fail=700 err=100.0% p50=46ms p95=204ms p99=455ms statuses[401=700]
  reads      ok=0 fail=3493 err=100.0% p50=44ms p95=143ms p99=229ms statuses[401=3493]
  events     ok=0 fail=6972 err=100.0% p50=45ms p95=160ms p99=231ms statuses[401=6972]

[t+4260s] total=11400 rate=2.7/s
  cron       ok=0 fail=75 err=100.0% p50=145ms p95=575ms p99=993ms statuses[401=75]
  webhook    ok=0 fail=710 err=100.0% p50=46ms p95=204ms p99=448ms statuses[401=710]
  reads      ok=0 fail=3543 err=100.0% p50=44ms p95=143ms p99=228ms statuses[401=3543]
  events     ok=0 fail=7072 err=100.0% p50=45ms p95=165ms p99=231ms statuses[401=7072]

[t+4320s] total=11560 rate=2.7/s
  cron       ok=0 fail=75 err=100.0% p50=145ms p95=575ms p99=993ms statuses[401=75]
  webhook    ok=0 fail=720 err=100.0% p50=46ms p95=204ms p99=448ms statuses[401=720]
  reads      ok=0 fail=3593 err=100.0% p50=44ms p95=143ms p99=228ms statuses[401=3593]
  events     ok=0 fail=7172 err=100.0% p50=45ms p95=164ms p99=230ms statuses[401=7172]

[t+4380s] total=11719 rate=2.7/s
  cron       ok=0 fail=75 err=100.0% p50=145ms p95=575ms p99=993ms statuses[401=75]
  webhook    ok=0 fail=730 err=100.0% p50=46ms p95=204ms p99=448ms statuses[401=730]
  reads      ok=0 fail=3643 err=100.0% p50=44ms p95=143ms p99=228ms statuses[401=3643]
  events     ok=0 fail=7271 err=100.0% p50=45ms p95=159ms p99=230ms statuses[401=7271]

[t+4440s] total=11879 rate=2.7/s
  cron       ok=0 fail=75 err=100.0% p50=145ms p95=575ms p99=993ms statuses[401=75]
  webhook    ok=0 fail=740 err=100.0% p50=46ms p95=205ms p99=455ms statuses[401=740]
  reads      ok=0 fail=3693 err=100.0% p50=44ms p95=144ms p99=229ms statuses[401=3693]
  events     ok=0 fail=7371 err=100.0% p50=45ms p95=159ms p99=230ms statuses[401=7371]

[t+4500s] total=12038 rate=2.7/s
  cron       ok=0 fail=75 err=100.0% p50=145ms p95=575ms p99=993ms statuses[401=75]
  webhook    ok=0 fail=750 err=100.0% p50=46ms p95=204ms p99=455ms statuses[401=750]
  reads      ok=0 fail=3743 err=100.0% p50=44ms p95=145ms p99=228ms statuses[401=3743]
  events     ok=0 fail=7470 err=100.0% p50=45ms p95=168ms p99=230ms statuses[401=7470]

[t+4560s] total=12203 rate=2.7/s
  cron       ok=0 fail=80 err=100.0% p50=146ms p95=575ms p99=993ms statuses[401=80]
  webhook    ok=0 fail=760 err=100.0% p50=46ms p95=204ms p99=455ms statuses[401=760]
  reads      ok=0 fail=3793 err=100.0% p50=44ms p95=145ms p99=228ms statuses[401=3793]
  events     ok=0 fail=7570 err=100.0% p50=45ms p95=168ms p99=230ms statuses[401=7570]

[t+4620s] total=12362 rate=2.7/s
  cron       ok=0 fail=80 err=100.0% p50=146ms p95=575ms p99=993ms statuses[401=80]
  webhook    ok=0 fail=770 err=100.0% p50=46ms p95=205ms p99=469ms statuses[401=770]
  reads      ok=0 fail=3842 err=100.0% p50=44ms p95=145ms p99=228ms statuses[401=3842]
  events     ok=0 fail=7670 err=100.0% p50=45ms p95=170ms p99=230ms statuses[401=7670]

[t+4680s] total=12521 rate=2.7/s
  cron       ok=0 fail=80 err=100.0% p50=146ms p95=575ms p99=993ms statuses[401=80]
  webhook    ok=0 fail=780 err=100.0% p50=46ms p95=206ms p99=469ms statuses[401=780]
  reads      ok=0 fail=3892 err=100.0% p50=44ms p95=148ms p99=228ms statuses[401=3892]
  events     ok=0 fail=7769 err=100.0% p50=45ms p95=170ms p99=229ms statuses[401=7769]

[t+4740s] total=12681 rate=2.7/s
  cron       ok=0 fail=80 err=100.0% p50=146ms p95=575ms p99=993ms statuses[401=80]
  webhook    ok=0 fail=790 err=100.0% p50=46ms p95=205ms p99=469ms statuses[401=790]
  reads      ok=0 fail=3942 err=100.0% p50=44ms p95=145ms p99=227ms statuses[401=3942]
  events     ok=0 fail=7869 err=100.0% p50=45ms p95=172ms p99=230ms statuses[401=7869]

[t+4800s] total=12841 rate=2.7/s
  cron       ok=0 fail=80 err=100.0% p50=146ms p95=575ms p99=993ms statuses[401=80]
  webhook    ok=0 fail=800 err=100.0% p50=46ms p95=205ms p99=469ms statuses[401=800]
  reads      ok=0 fail=3992 err=100.0% p50=44ms p95=148ms p99=228ms statuses[401=3992]
  events     ok=0 fail=7969 err=100.0% p50=45ms p95=171ms p99=231ms statuses[401=7969]

[t+4860s] total=13005 rate=2.7/s
  cron       ok=0 fail=85 err=100.0% p50=146ms p95=558ms p99=993ms statuses[401=85]
  webhook    ok=0 fail=810 err=100.0% p50=46ms p95=204ms p99=455ms statuses[401=810]
  reads      ok=0 fail=4042 err=100.0% p50=45ms p95=145ms p99=228ms statuses[401=4042]
  events     ok=0 fail=8068 err=100.0% p50=46ms p95=168ms p99=231ms statuses[401=8068]

[t+4920s] total=13165 rate=2.7/s
  cron       ok=0 fail=85 err=100.0% p50=146ms p95=558ms p99=993ms statuses[401=85]
  webhook    ok=0 fail=820 err=100.0% p50=46ms p95=205ms p99=455ms statuses[401=820]
  reads      ok=0 fail=4092 err=100.0% p50=45ms p95=145ms p99=228ms statuses[401=4092]
  events     ok=0 fail=8168 err=100.0% p50=46ms p95=164ms p99=231ms statuses[401=8168]

[t+4980s] total=13325 rate=2.7/s
  cron       ok=0 fail=85 err=100.0% p50=146ms p95=558ms p99=993ms statuses[401=85]
  webhook    ok=0 fail=830 err=100.0% p50=46ms p95=206ms p99=469ms statuses[401=830]
  reads      ok=0 fail=4142 err=100.0% p50=45ms p95=143ms p99=228ms statuses[401=4142]
  events     ok=0 fail=8268 err=100.0% p50=46ms p95=164ms p99=232ms statuses[401=8268]

[t+5040s] total=13484 rate=2.7/s
  cron       ok=0 fail=85 err=100.0% p50=146ms p95=558ms p99=993ms statuses[401=85]
  webhook    ok=0 fail=840 err=100.0% p50=46ms p95=206ms p99=469ms statuses[401=840]
  reads      ok=0 fail=4192 err=100.0% p50=45ms p95=142ms p99=228ms statuses[401=4192]
  events     ok=0 fail=8367 err=100.0% p50=46ms p95=159ms p99=232ms statuses[401=8367]

[t+5100s] total=13644 rate=2.7/s
  cron       ok=0 fail=85 err=100.0% p50=146ms p95=558ms p99=993ms statuses[401=85]
  webhook    ok=0 fail=850 err=100.0% p50=46ms p95=206ms p99=469ms statuses[401=850]
  reads      ok=0 fail=4242 err=100.0% p50=45ms p95=141ms p99=227ms statuses[401=4242]
  events     ok=0 fail=8467 err=100.0% p50=46ms p95=160ms p99=232ms statuses[401=8467]

[t+5160s] total=13808 rate=2.7/s
  cron       ok=0 fail=90 err=100.0% p50=146ms p95=558ms p99=993ms statuses[401=90]
  webhook    ok=0 fail=860 err=100.0% p50=46ms p95=206ms p99=469ms statuses[401=860]
  reads      ok=0 fail=4292 err=100.0% p50=45ms p95=141ms p99=227ms statuses[401=4292]
  events     ok=0 fail=8566 err=100.0% p50=46ms p95=165ms p99=232ms statuses[401=8566]

[t+5220s] total=13967 rate=2.7/s
  cron       ok=0 fail=90 err=100.0% p50=146ms p95=558ms p99=993ms statuses[401=90]
  webhook    ok=0 fail=870 err=100.0% p50=46ms p95=206ms p99=469ms statuses[401=870]
  reads      ok=0 fail=4341 err=100.0% p50=45ms p95=143ms p99=229ms statuses[401=4341]
  events     ok=0 fail=8666 err=100.0% p50=46ms p95=183ms p99=237ms statuses[401=8666]

[t+5280s] total=14127 rate=2.7/s
  cron       ok=0 fail=90 err=100.0% p50=146ms p95=558ms p99=993ms statuses[401=90]
  webhook    ok=0 fail=880 err=100.0% p50=46ms p95=206ms p99=469ms statuses[401=880]
  reads      ok=0 fail=4391 err=100.0% p50=45ms p95=143ms p99=232ms statuses[401=4391]
  events     ok=0 fail=8766 err=100.0% p50=46ms p95=183ms p99=237ms statuses[401=8766]

[t+5340s] total=14286 rate=2.7/s
  cron       ok=0 fail=90 err=100.0% p50=146ms p95=558ms p99=993ms statuses[401=90]
  webhook    ok=0 fail=890 err=100.0% p50=46ms p95=206ms p99=469ms statuses[401=890]
  reads      ok=0 fail=4441 err=100.0% p50=45ms p95=143ms p99=232ms statuses[401=4441]
  events     ok=0 fail=8865 err=100.0% p50=46ms p95=184ms p99=237ms statuses[401=8865]

[t+5400s] total=14446 rate=2.7/s
  cron       ok=0 fail=90 err=100.0% p50=146ms p95=558ms p99=993ms statuses[401=90]
  webhook    ok=0 fail=900 err=100.0% p50=46ms p95=206ms p99=469ms statuses[401=900]
  reads      ok=0 fail=4491 err=100.0% p50=45ms p95=142ms p99=232ms statuses[401=4491]
  events     ok=0 fail=8965 err=100.0% p50=46ms p95=189ms p99=236ms statuses[401=8965]

[t+5460s] total=14610 rate=2.7/s
  cron       ok=0 fail=95 err=100.0% p50=145ms p95=575ms p99=993ms statuses[401=95]
  webhook    ok=0 fail=910 err=100.0% p50=46ms p95=206ms p99=455ms statuses[401=910]
  reads      ok=0 fail=4541 err=100.0% p50=45ms p95=141ms p99=229ms statuses[401=4541]
  events     ok=0 fail=9064 err=100.0% p50=46ms p95=186ms p99=236ms statuses[401=9064]

[t+5520s] total=14770 rate=2.7/s
  cron       ok=0 fail=95 err=100.0% p50=145ms p95=575ms p99=993ms statuses[401=95]
  webhook    ok=0 fail=920 err=100.0% p50=46ms p95=206ms p99=455ms statuses[401=920]
  reads      ok=0 fail=4591 err=100.0% p50=45ms p95=142ms p99=229ms statuses[401=4591]
  events     ok=0 fail=9164 err=100.0% p50=46ms p95=181ms p99=236ms statuses[401=9164]

[t+5580s] total=14930 rate=2.7/s
  cron       ok=0 fail=95 err=100.0% p50=145ms p95=575ms p99=993ms statuses[401=95]
  webhook    ok=0 fail=930 err=100.0% p50=46ms p95=205ms p99=455ms statuses[401=930]
  reads      ok=0 fail=4641 err=100.0% p50=45ms p95=143ms p99=232ms statuses[401=4641]
  events     ok=0 fail=9264 err=100.0% p50=46ms p95=176ms p99=235ms statuses[401=9264]

[t+5640s] total=15089 rate=2.7/s
  cron       ok=0 fail=95 err=100.0% p50=145ms p95=575ms p99=993ms statuses[401=95]
  webhook    ok=0 fail=940 err=100.0% p50=46ms p95=206ms p99=469ms statuses[401=940]
  reads      ok=0 fail=4691 err=100.0% p50=45ms p95=143ms p99=232ms statuses[401=4691]
  events     ok=0 fail=9363 err=100.0% p50=46ms p95=170ms p99=235ms statuses[401=9363]

[t+5700s] total=15249 rate=2.7/s
  cron       ok=0 fail=95 err=100.0% p50=145ms p95=575ms p99=993ms statuses[401=95]
  webhook    ok=0 fail=950 err=100.0% p50=46ms p95=206ms p99=469ms statuses[401=950]
  reads      ok=0 fail=4741 err=100.0% p50=45ms p95=145ms p99=238ms statuses[401=4741]
  events     ok=0 fail=9463 err=100.0% p50=46ms p95=168ms p99=234ms statuses[401=9463]

[t+5760s] total=15413 rate=2.7/s
  cron       ok=0 fail=100 err=100.0% p50=143ms p95=575ms p99=993ms statuses[401=100]
  webhook    ok=0 fail=960 err=100.0% p50=46ms p95=206ms p99=469ms statuses[401=960]
  reads      ok=0 fail=4791 err=100.0% p50=45ms p95=145ms p99=238ms statuses[401=4791]
  events     ok=0 fail=9562 err=100.0% p50=45ms p95=165ms p99=232ms statuses[401=9562]

[t+5820s] total=15572 rate=2.7/s
  cron       ok=0 fail=100 err=100.0% p50=143ms p95=575ms p99=993ms statuses[401=100]
  webhook    ok=0 fail=970 err=100.0% p50=46ms p95=206ms p99=469ms statuses[401=970]
  reads      ok=0 fail=4840 err=100.0% p50=45ms p95=144ms p99=234ms statuses[401=4840]
  events     ok=0 fail=9662 err=100.0% p50=46ms p95=168ms p99=232ms statuses[401=9662]

[t+5880s] total=15732 rate=2.7/s
  cron       ok=0 fail=100 err=100.0% p50=143ms p95=575ms p99=993ms statuses[401=100]
  webhook    ok=0 fail=980 err=100.0% p50=46ms p95=207ms p99=469ms statuses[401=980]
  reads      ok=0 fail=4890 err=100.0% p50=45ms p95=143ms p99=238ms statuses[401=4890]
  events     ok=0 fail=9762 err=100.0% p50=46ms p95=162ms p99=231ms statuses[401=9762]

[t+5940s] total=15891 rate=2.7/s
  cron       ok=0 fail=100 err=100.0% p50=143ms p95=575ms p99=993ms statuses[401=100]
  webhook    ok=0 fail=990 err=100.0% p50=46ms p95=206ms p99=469ms statuses[401=990]
  reads      ok=0 fail=4940 err=100.0% p50=45ms p95=143ms p99=238ms statuses[401=4940]
  events     ok=0 fail=9861 err=100.0% p50=45ms p95=160ms p99=231ms statuses[401=9861]

[t+6000s] total=16051 rate=2.7/s
  cron       ok=0 fail=100 err=100.0% p50=143ms p95=575ms p99=993ms statuses[401=100]
  webhook    ok=0 fail=1000 err=100.0% p50=46ms p95=206ms p99=469ms statuses[401=1000]
  reads      ok=0 fail=4990 err=100.0% p50=44ms p95=144ms p99=238ms statuses[401=4990]
  events     ok=0 fail=9961 err=100.0% p50=45ms p95=158ms p99=231ms statuses[401=9961]

[t+6060s] total=16216 rate=2.7/s
  cron       ok=0 fail=105 err=100.0% p50=143ms p95=558ms p99=695ms statuses[401=105]
  webhook    ok=0 fail=1010 err=100.0% p50=46ms p95=206ms p99=455ms statuses[401=1010]
  reads      ok=0 fail=5040 err=100.0% p50=45ms p95=143ms p99=234ms statuses[401=5040]
  events     ok=0 fail=10061 err=100.0% p50=45ms p95=158ms p99=231ms statuses[401=10061]

[t+6120s] total=16375 rate=2.7/s
  cron       ok=0 fail=105 err=100.0% p50=143ms p95=558ms p99=695ms statuses[401=105]
  webhook    ok=0 fail=1020 err=100.0% p50=46ms p95=206ms p99=455ms statuses[401=1020]
  reads      ok=0 fail=5090 err=100.0% p50=44ms p95=141ms p99=234ms statuses[401=5090]
  events     ok=0 fail=10160 err=100.0% p50=45ms p95=160ms p99=231ms statuses[401=10160]

[t+6180s] total=16535 rate=2.7/s
  cron       ok=0 fail=105 err=100.0% p50=143ms p95=558ms p99=695ms statuses[401=105]
  webhook    ok=0 fail=1030 err=100.0% p50=46ms p95=206ms p99=469ms statuses[401=1030]
  reads      ok=0 fail=5140 err=100.0% p50=44ms p95=141ms p99=232ms statuses[401=5140]
  events     ok=0 fail=10260 err=100.0% p50=45ms p95=160ms p99=231ms statuses[401=10260]

[t+6240s] total=16694 rate=2.7/s
  cron       ok=0 fail=105 err=100.0% p50=143ms p95=558ms p99=695ms statuses[401=105]
  webhook    ok=0 fail=1040 err=100.0% p50=46ms p95=206ms p99=469ms statuses[401=1040]
  reads      ok=0 fail=5190 err=100.0% p50=44ms p95=139ms p99=232ms statuses[401=5190]
  events     ok=0 fail=10359 err=100.0% p50=45ms p95=156ms p99=231ms statuses[401=10359]

[t+6300s] total=16854 rate=2.7/s
  cron       ok=0 fail=105 err=100.0% p50=143ms p95=558ms p99=695ms statuses[401=105]
  webhook    ok=0 fail=1050 err=100.0% p50=46ms p95=206ms p99=469ms statuses[401=1050]
  reads      ok=0 fail=5240 err=100.0% p50=44ms p95=140ms p99=232ms statuses[401=5240]
  events     ok=0 fail=10459 err=100.0% p50=45ms p95=155ms p99=230ms statuses[401=10459]

[t+6360s] total=17019 rate=2.7/s
  cron       ok=0 fail=110 err=100.0% p50=143ms p95=558ms p99=695ms statuses[401=110]
  webhook    ok=0 fail=1060 err=100.0% p50=46ms p95=207ms p99=469ms statuses[401=1060]
  reads      ok=0 fail=5290 err=100.0% p50=44ms p95=139ms p99=234ms statuses[401=5290]
  events     ok=0 fail=10559 err=100.0% p50=45ms p95=158ms p99=230ms statuses[401=10559]

[t+6420s] total=17177 rate=2.7/s
  cron       ok=0 fail=110 err=100.0% p50=143ms p95=558ms p99=695ms statuses[401=110]
  webhook    ok=0 fail=1070 err=100.0% p50=46ms p95=206ms p99=469ms statuses[401=1070]
  reads      ok=0 fail=5339 err=100.0% p50=44ms p95=139ms p99=232ms statuses[401=5339]
  events     ok=0 fail=10658 err=100.0% p50=45ms p95=159ms p99=231ms statuses[401=10658]

[t+6480s] total=17337 rate=2.7/s
  cron       ok=0 fail=110 err=100.0% p50=143ms p95=558ms p99=695ms statuses[401=110]
  webhook    ok=0 fail=1080 err=100.0% p50=46ms p95=207ms p99=469ms statuses[401=1080]
  reads      ok=0 fail=5389 err=100.0% p50=44ms p95=139ms p99=232ms statuses[401=5389]
  events     ok=0 fail=10758 err=100.0% p50=45ms p95=158ms p99=231ms statuses[401=10758]

[t+6540s] total=17496 rate=2.7/s
  cron       ok=0 fail=110 err=100.0% p50=143ms p95=558ms p99=695ms statuses[401=110]
  webhook    ok=0 fail=1090 err=100.0% p50=46ms p95=206ms p99=469ms statuses[401=1090]
  reads      ok=0 fail=5439 err=100.0% p50=44ms p95=136ms p99=229ms statuses[401=5439]
  events     ok=0 fail=10857 err=100.0% p50=45ms p95=158ms p99=230ms statuses[401=10857]

[t+6600s] total=17656 rate=2.7/s
  cron       ok=0 fail=110 err=100.0% p50=143ms p95=558ms p99=695ms statuses[401=110]
  webhook    ok=0 fail=1100 err=100.0% p50=46ms p95=206ms p99=469ms statuses[401=1100]
  reads      ok=0 fail=5489 err=100.0% p50=44ms p95=136ms p99=229ms statuses[401=5489]
  events     ok=0 fail=10957 err=100.0% p50=45ms p95=156ms p99=230ms statuses[401=10957]

[t+6660s] total=17821 rate=2.7/s
  cron       ok=0 fail=115 err=100.0% p50=142ms p95=558ms p99=695ms statuses[401=115]
  webhook    ok=0 fail=1110 err=100.0% p50=46ms p95=206ms p99=462ms statuses[401=1110]
  reads      ok=0 fail=5539 err=100.0% p50=44ms p95=136ms p99=229ms statuses[401=5539]
  events     ok=0 fail=11057 err=100.0% p50=45ms p95=150ms p99=230ms statuses[401=11057]

[t+6720s] total=17980 rate=2.7/s
  cron       ok=0 fail=115 err=100.0% p50=142ms p95=558ms p99=695ms statuses[401=115]
  webhook    ok=0 fail=1120 err=100.0% p50=46ms p95=206ms p99=462ms statuses[401=1120]
  reads      ok=0 fail=5589 err=100.0% p50=44ms p95=136ms p99=229ms statuses[401=5589]
  events     ok=0 fail=11156 err=100.0% p50=45ms p95=156ms p99=230ms statuses[401=11156]

[t+6780s] total=18140 rate=2.7/s
  cron       ok=0 fail=115 err=100.0% p50=142ms p95=558ms p99=695ms statuses[401=115]
  webhook    ok=0 fail=1130 err=100.0% p50=46ms p95=205ms p99=462ms statuses[401=1130]
  reads      ok=0 fail=5639 err=100.0% p50=44ms p95=136ms p99=229ms statuses[401=5639]
  events     ok=0 fail=11256 err=100.0% p50=45ms p95=150ms p99=230ms statuses[401=11256]

[t+6840s] total=18300 rate=2.7/s
  cron       ok=0 fail=115 err=100.0% p50=142ms p95=558ms p99=695ms statuses[401=115]
  webhook    ok=0 fail=1140 err=100.0% p50=46ms p95=205ms p99=462ms statuses[401=1140]
  reads      ok=0 fail=5689 err=100.0% p50=44ms p95=135ms p99=229ms statuses[401=5689]
  events     ok=0 fail=11356 err=100.0% p50=45ms p95=148ms p99=230ms statuses[401=11356]

[t+6900s] total=18459 rate=2.7/s
  cron       ok=0 fail=115 err=100.0% p50=142ms p95=558ms p99=695ms statuses[401=115]
  webhook    ok=0 fail=1150 err=100.0% p50=46ms p95=204ms p99=462ms statuses[401=1150]
  reads      ok=0 fail=5739 err=100.0% p50=44ms p95=135ms p99=228ms statuses[401=5739]
  events     ok=0 fail=11455 err=100.0% p50=45ms p95=150ms p99=230ms statuses[401=11455]

[t+6960s] total=18624 rate=2.7/s
  cron       ok=0 fail=120 err=100.0% p50=142ms p95=558ms p99=695ms statuses[401=120]
  webhook    ok=0 fail=1160 err=100.0% p50=46ms p95=205ms p99=462ms statuses[401=1160]
  reads      ok=0 fail=5789 err=100.0% p50=44ms p95=135ms p99=229ms statuses[401=5789]
  events     ok=0 fail=11555 err=100.0% p50=45ms p95=150ms p99=230ms statuses[401=11555]

[t+7020s] total=18782 rate=2.7/s
  cron       ok=0 fail=120 err=100.0% p50=142ms p95=558ms p99=695ms statuses[401=120]
  webhook    ok=0 fail=1170 err=100.0% p50=46ms p95=204ms p99=462ms statuses[401=1170]
  reads      ok=0 fail=5838 err=100.0% p50=44ms p95=135ms p99=229ms statuses[401=5838]
  events     ok=0 fail=11654 err=100.0% p50=45ms p95=148ms p99=230ms statuses[401=11654]

[t+7080s] total=18942 rate=2.7/s
  cron       ok=0 fail=120 err=100.0% p50=142ms p95=558ms p99=695ms statuses[401=120]
  webhook    ok=0 fail=1180 err=100.0% p50=46ms p95=204ms p99=462ms statuses[401=1180]
  reads      ok=0 fail=5888 err=100.0% p50=44ms p95=135ms p99=229ms statuses[401=5888]
  events     ok=0 fail=11754 err=100.0% p50=45ms p95=145ms p99=230ms statuses[401=11754]

[t+7140s] total=19102 rate=2.7/s
  cron       ok=0 fail=120 err=100.0% p50=142ms p95=558ms p99=695ms statuses[401=120]
  webhook    ok=0 fail=1190 err=100.0% p50=46ms p95=204ms p99=462ms statuses[401=1190]
  reads      ok=0 fail=5938 err=100.0% p50=44ms p95=135ms p99=228ms statuses[401=5938]
  events     ok=0 fail=11854 err=100.0% p50=45ms p95=145ms p99=230ms statuses[401=11854]

[t+7200s] total=19261 rate=2.7/s
  cron       ok=0 fail=120 err=100.0% p50=142ms p95=558ms p99=695ms statuses[401=120]
  webhook    ok=0 fail=1200 err=100.0% p50=46ms p95=204ms p99=462ms statuses[401=1200]
  reads      ok=0 fail=5988 err=100.0% p50=44ms p95=135ms p99=228ms statuses[401=5988]
  events     ok=0 fail=11953 err=100.0% p50=45ms p95=146ms p99=230ms statuses[401=11953]

[t+7260s] total=19426 rate=2.7/s
  cron       ok=0 fail=125 err=100.0% p50=142ms p95=454ms p99=695ms statuses[401=125]
  webhook    ok=0 fail=1210 err=100.0% p50=46ms p95=203ms p99=455ms statuses[401=1210]
  reads      ok=0 fail=6038 err=100.0% p50=44ms p95=135ms p99=228ms statuses[401=6038]
  events     ok=0 fail=12053 err=100.0% p50=45ms p95=146ms p99=229ms statuses[401=12053]

[t+7320s] total=19585 rate=2.7/s
  cron       ok=0 fail=125 err=100.0% p50=142ms p95=454ms p99=695ms statuses[401=125]
  webhook    ok=0 fail=1220 err=100.0% p50=46ms p95=204ms p99=455ms statuses[401=1220]
  reads      ok=0 fail=6088 err=100.0% p50=44ms p95=135ms p99=228ms statuses[401=6088]
  events     ok=0 fail=12152 err=100.0% p50=45ms p95=146ms p99=229ms statuses[401=12152]

[t+7380s] total=19745 rate=2.7/s
  cron       ok=0 fail=125 err=100.0% p50=142ms p95=454ms p99=695ms statuses[401=125]
  webhook    ok=0 fail=1230 err=100.0% p50=46ms p95=205ms p99=455ms statuses[401=1230]
  reads      ok=0 fail=6138 err=100.0% p50=44ms p95=135ms p99=228ms statuses[401=6138]
  events     ok=0 fail=12252 err=100.0% p50=45ms p95=150ms p99=229ms statuses[401=12252]

[t+7440s] total=19904 rate=2.7/s
  cron       ok=0 fail=125 err=100.0% p50=142ms p95=454ms p99=695ms statuses[401=125]
  webhook    ok=0 fail=1240 err=100.0% p50=46ms p95=205ms p99=455ms statuses[401=1240]
  reads      ok=0 fail=6187 err=100.0% p50=44ms p95=136ms p99=239ms statuses[401=6187]
  events     ok=0 fail=12352 err=100.0% p50=45ms p95=156ms p99=230ms statuses[401=12352]

[t+7500s] total=20064 rate=2.7/s
  cron       ok=0 fail=125 err=100.0% p50=142ms p95=454ms p99=695ms statuses[401=125]
  webhook    ok=0 fail=1250 err=100.0% p50=46ms p95=205ms p99=455ms statuses[401=1250]
  reads      ok=0 fail=6238 err=100.0% p50=44ms p95=137ms p99=239ms statuses[401=6238]
  events     ok=0 fail=12451 err=100.0% p50=45ms p95=158ms p99=230ms statuses[401=12451]

[t+7560s] total=20228 rate=2.7/s
  cron       ok=0 fail=130 err=100.0% p50=142ms p95=575ms p99=959ms statuses[401=130]
  webhook    ok=0 fail=1260 err=100.0% p50=46ms p95=205ms p99=455ms statuses[401=1260]
  reads      ok=0 fail=6287 err=100.0% p50=44ms p95=137ms p99=241ms statuses[401=6287]
  events     ok=0 fail=12551 err=100.0% p50=45ms p95=159ms p99=231ms statuses[401=12551]

[t+7620s] total=20387 rate=2.7/s
  cron       ok=0 fail=130 err=100.0% p50=142ms p95=575ms p99=959ms statuses[401=130]
  webhook    ok=0 fail=1270 err=100.0% p50=46ms p95=205ms p99=455ms statuses[401=1270]
  reads      ok=0 fail=6337 err=100.0% p50=44ms p95=139ms p99=241ms statuses[401=6337]
  events     ok=0 fail=12650 err=100.0% p50=45ms p95=161ms p99=232ms statuses[401=12650]

[t+7680s] total=20547 rate=2.7/s
  cron       ok=0 fail=130 err=100.0% p50=142ms p95=575ms p99=959ms statuses[401=130]
  webhook    ok=0 fail=1280 err=100.0% p50=46ms p95=207ms p99=455ms statuses[401=1280]
  reads      ok=0 fail=6387 err=100.0% p50=44ms p95=141ms p99=242ms statuses[401=6387]
  events     ok=0 fail=12750 err=100.0% p50=45ms p95=162ms p99=232ms statuses[401=12750]

[t+7740s] total=20707 rate=2.7/s
  cron       ok=0 fail=130 err=100.0% p50=142ms p95=575ms p99=959ms statuses[401=130]
  webhook    ok=0 fail=1290 err=100.0% p50=46ms p95=207ms p99=455ms statuses[401=1290]
  reads      ok=0 fail=6437 err=100.0% p50=44ms p95=140ms p99=241ms statuses[401=6437]
  events     ok=0 fail=12850 err=100.0% p50=45ms p95=161ms p99=232ms statuses[401=12850]

[t+7800s] total=20866 rate=2.7/s
  cron       ok=0 fail=130 err=100.0% p50=142ms p95=575ms p99=959ms statuses[401=130]
  webhook    ok=0 fail=1300 err=100.0% p50=46ms p95=207ms p99=455ms statuses[401=1300]
  reads      ok=0 fail=6487 err=100.0% p50=44ms p95=139ms p99=241ms statuses[401=6487]
  events     ok=0 fail=12949 err=100.0% p50=45ms p95=161ms p99=232ms statuses[401=12949]

[t+7860s] total=21031 rate=2.7/s
  cron       ok=0 fail=135 err=100.0% p50=142ms p95=575ms p99=959ms statuses[401=135]
  webhook    ok=0 fail=1310 err=100.0% p50=46ms p95=206ms p99=449ms statuses[401=1310]
  reads      ok=0 fail=6537 err=100.0% p50=44ms p95=137ms p99=241ms statuses[401=6537]
  events     ok=0 fail=13049 err=100.0% p50=45ms p95=160ms p99=231ms statuses[401=13049]

[t+7920s] total=21191 rate=2.7/s
  cron       ok=0 fail=135 err=100.0% p50=142ms p95=575ms p99=959ms statuses[401=135]
  webhook    ok=0 fail=1320 err=100.0% p50=46ms p95=207ms p99=455ms statuses[401=1320]
  reads      ok=0 fail=6587 err=100.0% p50=44ms p95=136ms p99=241ms statuses[401=6587]
  events     ok=0 fail=13149 err=100.0% p50=45ms p95=159ms p99=231ms statuses[401=13149]

[t+7980s] total=21350 rate=2.7/s
  cron       ok=0 fail=135 err=100.0% p50=142ms p95=575ms p99=959ms statuses[401=135]
  webhook    ok=0 fail=1330 err=100.0% p50=46ms p95=207ms p99=455ms statuses[401=1330]
  reads      ok=0 fail=6637 err=100.0% p50=44ms p95=137ms p99=241ms statuses[401=6637]
  events     ok=0 fail=13248 err=100.0% p50=45ms p95=160ms p99=231ms statuses[401=13248]

[t+8040s] total=21510 rate=2.7/s
  cron       ok=0 fail=135 err=100.0% p50=142ms p95=575ms p99=959ms statuses[401=135]
  webhook    ok=0 fail=1340 err=100.0% p50=46ms p95=207ms p99=455ms statuses[401=1340]
  reads      ok=0 fail=6687 err=100.0% p50=44ms p95=136ms p99=241ms statuses[401=6687]
  events     ok=0 fail=13348 err=100.0% p50=45ms p95=158ms p99=231ms statuses[401=13348]

[t+8100s] total=21669 rate=2.7/s
  cron       ok=0 fail=135 err=100.0% p50=142ms p95=575ms p99=959ms statuses[401=135]
  webhook    ok=0 fail=1350 err=100.0% p50=46ms p95=207ms p99=455ms statuses[401=1350]
  reads      ok=0 fail=6737 err=100.0% p50=44ms p95=136ms p99=240ms statuses[401=6737]
  events     ok=0 fail=13447 err=100.0% p50=45ms p95=158ms p99=231ms statuses[401=13447]

[t+8160s] total=21834 rate=2.7/s
  cron       ok=0 fail=140 err=100.0% p50=142ms p95=575ms p99=959ms statuses[401=140]
  webhook    ok=0 fail=1360 err=100.0% p50=46ms p95=207ms p99=455ms statuses[401=1360]
  reads      ok=0 fail=6787 err=100.0% p50=44ms p95=136ms p99=240ms statuses[401=6787]
  events     ok=0 fail=13547 err=100.0% p50=45ms p95=157ms p99=231ms statuses[401=13547]

[t+8220s] total=21993 rate=2.7/s
  cron       ok=0 fail=140 err=100.0% p50=142ms p95=575ms p99=959ms statuses[401=140]
  webhook    ok=0 fail=1370 err=100.0% p50=46ms p95=207ms p99=455ms statuses[401=1370]
  reads      ok=0 fail=6836 err=100.0% p50=44ms p95=137ms p99=241ms statuses[401=6836]
  events     ok=0 fail=13647 err=100.0% p50=45ms p95=158ms p99=231ms statuses[401=13647]

[t+8280s] total=22152 rate=2.7/s
  cron       ok=0 fail=140 err=100.0% p50=142ms p95=575ms p99=959ms statuses[401=140]
  webhook    ok=0 fail=1380 err=100.0% p50=46ms p95=207ms p99=455ms statuses[401=1380]
  reads      ok=0 fail=6886 err=100.0% p50=44ms p95=137ms p99=241ms statuses[401=6886]
  events     ok=0 fail=13746 err=100.0% p50=45ms p95=157ms p99=231ms statuses[401=13746]

[t+8340s] total=22312 rate=2.7/s
  cron       ok=0 fail=140 err=100.0% p50=142ms p95=575ms p99=959ms statuses[401=140]
  webhook    ok=0 fail=1390 err=100.0% p50=46ms p95=207ms p99=455ms statuses[401=1390]
  reads      ok=0 fail=6936 err=100.0% p50=44ms p95=139ms p99=241ms statuses[401=6936]
  events     ok=0 fail=13846 err=100.0% p50=45ms p95=156ms p99=231ms statuses[401=13846]

[t+8400s] total=22472 rate=2.7/s
  cron       ok=0 fail=140 err=100.0% p50=142ms p95=575ms p99=959ms statuses[401=140]
  webhook    ok=0 fail=1400 err=100.0% p50=46ms p95=207ms p99=455ms statuses[401=1400]
  reads      ok=0 fail=6986 err=100.0% p50=44ms p95=137ms p99=241ms statuses[401=6986]
  events     ok=0 fail=13946 err=100.0% p50=45ms p95=156ms p99=231ms statuses[401=13946]

[t+8460s] total=22636 rate=2.7/s
  cron       ok=0 fail=145 err=100.0% p50=142ms p95=558ms p99=959ms statuses[401=145]
  webhook    ok=0 fail=1410 err=100.0% p50=46ms p95=207ms p99=449ms statuses[401=1410]
  reads      ok=0 fail=7036 err=100.0% p50=44ms p95=137ms p99=240ms statuses[401=7036]
  events     ok=0 fail=14045 err=100.0% p50=45ms p95=157ms p99=231ms statuses[401=14045]

[t+8520s] total=22796 rate=2.7/s
  cron       ok=0 fail=145 err=100.0% p50=142ms p95=558ms p99=959ms statuses[401=145]
  webhook    ok=0 fail=1420 err=100.0% p50=46ms p95=207ms p99=449ms statuses[401=1420]
  reads      ok=0 fail=7086 err=100.0% p50=44ms p95=136ms p99=240ms statuses[401=7086]
  events     ok=0 fail=14145 err=100.0% p50=45ms p95=155ms p99=231ms statuses[401=14145]

[t+8580s] total=22956 rate=2.7/s
  cron       ok=0 fail=145 err=100.0% p50=142ms p95=558ms p99=959ms statuses[401=145]
  webhook    ok=0 fail=1430 err=100.0% p50=46ms p95=207ms p99=449ms statuses[401=1430]
  reads      ok=0 fail=7136 err=100.0% p50=44ms p95=136ms p99=239ms statuses[401=7136]
  events     ok=0 fail=14245 err=100.0% p50=45ms p95=154ms p99=231ms statuses[401=14245]

[t+8640s] total=23115 rate=2.7/s
  cron       ok=0 fail=145 err=100.0% p50=142ms p95=558ms p99=959ms statuses[401=145]
  webhook    ok=0 fail=1440 err=100.0% p50=46ms p95=207ms p99=449ms statuses[401=1440]
  reads      ok=0 fail=7186 err=100.0% p50=44ms p95=137ms p99=241ms statuses[401=7186]
  events     ok=0 fail=14344 err=100.0% p50=45ms p95=154ms p99=231ms statuses[401=14344]

[t+8700s] total=23275 rate=2.7/s
  cron       ok=0 fail=145 err=100.0% p50=142ms p95=558ms p99=959ms statuses[401=145]
  webhook    ok=0 fail=1450 err=100.0% p50=46ms p95=207ms p99=449ms statuses[401=1450]
  reads      ok=0 fail=7236 err=100.0% p50=44ms p95=137ms p99=240ms statuses[401=7236]
  events     ok=0 fail=14444 err=100.0% p50=45ms p95=150ms p99=231ms statuses[401=14444]

[t+8760s] total=23439 rate=2.7/s
  cron       ok=0 fail=150 err=100.0% p50=142ms p95=558ms p99=959ms statuses[401=150]
  webhook    ok=0 fail=1460 err=100.0% p50=46ms p95=207ms p99=449ms statuses[401=1460]
  reads      ok=0 fail=7286 err=100.0% p50=44ms p95=136ms p99=240ms statuses[401=7286]
  events     ok=0 fail=14543 err=100.0% p50=45ms p95=150ms p99=230ms statuses[401=14543]

[t+8820s] total=23598 rate=2.7/s
  cron       ok=0 fail=150 err=100.0% p50=142ms p95=558ms p99=959ms statuses[401=150]
  webhook    ok=0 fail=1470 err=100.0% p50=46ms p95=207ms p99=455ms statuses[401=1470]
  reads      ok=0 fail=7335 err=100.0% p50=44ms p95=136ms p99=239ms statuses[401=7335]
  events     ok=0 fail=14643 err=100.0% p50=45ms p95=150ms p99=231ms statuses[401=14643]

[t+8880s] total=23758 rate=2.7/s
  cron       ok=0 fail=150 err=100.0% p50=142ms p95=558ms p99=959ms statuses[401=150]
  webhook    ok=0 fail=1480 err=100.0% p50=46ms p95=207ms p99=455ms statuses[401=1480]
  reads      ok=0 fail=7385 err=100.0% p50=44ms p95=136ms p99=240ms statuses[401=7385]
  events     ok=0 fail=14743 err=100.0% p50=45ms p95=149ms p99=230ms statuses[401=14743]

[t+8940s] total=23917 rate=2.7/s
  cron       ok=0 fail=150 err=100.0% p50=142ms p95=558ms p99=959ms statuses[401=150]
  webhook    ok=0 fail=1490 err=100.0% p50=46ms p95=207ms p99=455ms statuses[401=1490]
  reads      ok=0 fail=7435 err=100.0% p50=44ms p95=136ms p99=239ms statuses[401=7435]
  events     ok=0 fail=14842 err=100.0% p50=45ms p95=148ms p99=230ms statuses[401=14842]

[t+9000s] total=24077 rate=2.7/s
  cron       ok=0 fail=150 err=100.0% p50=142ms p95=558ms p99=959ms statuses[401=150]
  webhook    ok=0 fail=1500 err=100.0% p50=46ms p95=207ms p99=455ms statuses[401=1500]
  reads      ok=0 fail=7485 err=100.0% p50=44ms p95=136ms p99=241ms statuses[401=7485]
  events     ok=0 fail=14942 err=100.0% p50=45ms p95=146ms p99=230ms statuses[401=14942]

[t+9060s] total=24241 rate=2.7/s
  cron       ok=0 fail=155 err=100.0% p50=142ms p95=558ms p99=959ms statuses[401=155]
  webhook    ok=0 fail=1510 err=100.0% p50=46ms p95=207ms p99=449ms statuses[401=1510]
  reads      ok=0 fail=7535 err=100.0% p50=44ms p95=136ms p99=240ms statuses[401=7535]
  events     ok=0 fail=15041 err=100.0% p50=45ms p95=144ms p99=230ms statuses[401=15041]

[t+9120s] total=24401 rate=2.7/s
  cron       ok=0 fail=155 err=100.0% p50=142ms p95=558ms p99=959ms statuses[401=155]
  webhook    ok=0 fail=1520 err=100.0% p50=46ms p95=207ms p99=449ms statuses[401=1520]
  reads      ok=0 fail=7585 err=100.0% p50=44ms p95=136ms p99=240ms statuses[401=7585]
  events     ok=0 fail=15141 err=100.0% p50=45ms p95=144ms p99=230ms statuses[401=15141]

[t+9180s] total=24561 rate=2.7/s
  cron       ok=0 fail=155 err=100.0% p50=142ms p95=558ms p99=959ms statuses[401=155]
  webhook    ok=0 fail=1530 err=100.0% p50=46ms p95=206ms p99=449ms statuses[401=1530]
  reads      ok=0 fail=7635 err=100.0% p50=44ms p95=136ms p99=240ms statuses[401=7635]
  events     ok=0 fail=15241 err=100.0% p50=45ms p95=144ms p99=230ms statuses[401=15241]

[t+9240s] total=24720 rate=2.7/s
  cron       ok=0 fail=155 err=100.0% p50=142ms p95=558ms p99=959ms statuses[401=155]
  webhook    ok=0 fail=1540 err=100.0% p50=46ms p95=207ms p99=449ms statuses[401=1540]
  reads      ok=0 fail=7685 err=100.0% p50=44ms p95=137ms p99=241ms statuses[401=7685]
  events     ok=0 fail=15340 err=100.0% p50=45ms p95=145ms p99=231ms statuses[401=15340]

[t+9300s] total=24880 rate=2.7/s
  cron       ok=0 fail=155 err=100.0% p50=142ms p95=558ms p99=959ms statuses[401=155]
  webhook    ok=0 fail=1550 err=100.0% p50=46ms p95=206ms p99=449ms statuses[401=1550]
  reads      ok=0 fail=7735 err=100.0% p50=44ms p95=139ms p99=241ms statuses[401=7735]
  events     ok=0 fail=15440 err=100.0% p50=45ms p95=146ms p99=231ms statuses[401=15440]

[t+9360s] total=25045 rate=2.7/s
  cron       ok=0 fail=160 err=100.0% p50=142ms p95=558ms p99=959ms statuses[401=160]
  webhook    ok=0 fail=1560 err=100.0% p50=46ms p95=207ms p99=449ms statuses[401=1560]
  reads      ok=0 fail=7785 err=100.0% p50=44ms p95=140ms p99=241ms statuses[401=7785]
  events     ok=0 fail=15540 err=100.0% p50=45ms p95=146ms p99=231ms statuses[401=15540]

[t+9420s] total=25203 rate=2.7/s
  cron       ok=0 fail=160 err=100.0% p50=142ms p95=558ms p99=959ms statuses[401=160]
  webhook    ok=0 fail=1570 err=100.0% p50=46ms p95=206ms p99=449ms statuses[401=1570]
  reads      ok=0 fail=7834 err=100.0% p50=44ms p95=141ms p99=241ms statuses[401=7834]
  events     ok=0 fail=15639 err=100.0% p50=45ms p95=146ms p99=231ms statuses[401=15639]

[t+9480s] total=25363 rate=2.7/s
  cron       ok=0 fail=160 err=100.0% p50=142ms p95=558ms p99=959ms statuses[401=160]
  webhook    ok=0 fail=1580 err=100.0% p50=46ms p95=207ms p99=449ms statuses[401=1580]
  reads      ok=0 fail=7884 err=100.0% p50=44ms p95=141ms p99=241ms statuses[401=7884]
  events     ok=0 fail=15739 err=100.0% p50=45ms p95=146ms p99=230ms statuses[401=15739]

[t+9540s] total=25522 rate=2.7/s
  cron       ok=0 fail=160 err=100.0% p50=142ms p95=558ms p99=959ms statuses[401=160]
  webhook    ok=0 fail=1590 err=100.0% p50=46ms p95=206ms p99=449ms statuses[401=1590]
  reads      ok=0 fail=7934 err=100.0% p50=44ms p95=141ms p99=241ms statuses[401=7934]
  events     ok=0 fail=15838 err=100.0% p50=45ms p95=147ms p99=231ms statuses[401=15838]

[t+9600s] total=25682 rate=2.7/s
  cron       ok=0 fail=160 err=100.0% p50=142ms p95=558ms p99=959ms statuses[401=160]
  webhook    ok=0 fail=1600 err=100.0% p50=46ms p95=206ms p99=449ms statuses[401=1600]
  reads      ok=0 fail=7984 err=100.0% p50=44ms p95=139ms p99=241ms statuses[401=7984]
  events     ok=0 fail=15938 err=100.0% p50=45ms p95=149ms p99=231ms statuses[401=15938]

[t+9660s] total=25847 rate=2.7/s
  cron       ok=0 fail=165 err=100.0% p50=141ms p95=558ms p99=959ms statuses[401=165]
  webhook    ok=0 fail=1610 err=100.0% p50=46ms p95=206ms p99=449ms statuses[401=1610]
  reads      ok=0 fail=8034 err=100.0% p50=44ms p95=140ms p99=241ms statuses[401=8034]
  events     ok=0 fail=16038 err=100.0% p50=45ms p95=147ms p99=231ms statuses[401=16038]

[t+9720s] total=26006 rate=2.7/s
  cron       ok=0 fail=165 err=100.0% p50=141ms p95=558ms p99=959ms statuses[401=165]
  webhook    ok=0 fail=1620 err=100.0% p50=46ms p95=206ms p99=449ms statuses[401=1620]
  reads      ok=0 fail=8084 err=100.0% p50=44ms p95=139ms p99=241ms statuses[401=8084]
  events     ok=0 fail=16137 err=100.0% p50=45ms p95=149ms p99=231ms statuses[401=16137]

[t+9780s] total=26166 rate=2.7/s
  cron       ok=0 fail=165 err=100.0% p50=141ms p95=558ms p99=959ms statuses[401=165]
  webhook    ok=0 fail=1630 err=100.0% p50=46ms p95=205ms p99=449ms statuses[401=1630]
  reads      ok=0 fail=8134 err=100.0% p50=44ms p95=139ms p99=240ms statuses[401=8134]
  events     ok=0 fail=16237 err=100.0% p50=45ms p95=149ms p99=230ms statuses[401=16237]

[t+9840s] total=26325 rate=2.7/s
  cron       ok=0 fail=165 err=100.0% p50=141ms p95=558ms p99=959ms statuses[401=165]
  webhook    ok=0 fail=1640 err=100.0% p50=46ms p95=205ms p99=449ms statuses[401=1640]
  reads      ok=0 fail=8184 err=100.0% p50=44ms p95=137ms p99=240ms statuses[401=8184]
  events     ok=0 fail=16336 err=100.0% p50=45ms p95=149ms p99=230ms statuses[401=16336]

[t+9900s] total=26485 rate=2.7/s
  cron       ok=0 fail=165 err=100.0% p50=141ms p95=558ms p99=959ms statuses[401=165]
  webhook    ok=0 fail=1650 err=100.0% p50=46ms p95=205ms p99=449ms statuses[401=1650]
  reads      ok=0 fail=8234 err=100.0% p50=44ms p95=137ms p99=239ms statuses[401=8234]
  events     ok=0 fail=16436 err=100.0% p50=45ms p95=147ms p99=230ms statuses[401=16436]

[t+9960s] total=26649 rate=2.7/s
  cron       ok=0 fail=170 err=100.0% p50=142ms p95=558ms p99=959ms statuses[401=170]
  webhook    ok=0 fail=1660 err=100.0% p50=46ms p95=205ms p99=449ms statuses[401=1660]
  reads      ok=0 fail=8283 err=100.0% p50=44ms p95=137ms p99=240ms statuses[401=8283]
  events     ok=0 fail=16536 err=100.0% p50=45ms p95=147ms p99=230ms statuses[401=16536]

[t+10020s] total=26808 rate=2.7/s
  cron       ok=0 fail=170 err=100.0% p50=142ms p95=558ms p99=959ms statuses[401=170]
  webhook    ok=0 fail=1670 err=100.0% p50=46ms p95=205ms p99=449ms statuses[401=1670]
  reads      ok=0 fail=8333 err=100.0% p50=44ms p95=139ms p99=239ms statuses[401=8333]
  events     ok=0 fail=16635 err=100.0% p50=45ms p95=150ms p99=230ms statuses[401=16635]

[t+10080s] total=26968 rate=2.7/s
  cron       ok=0 fail=170 err=100.0% p50=142ms p95=558ms p99=959ms statuses[401=170]
  webhook    ok=0 fail=1680 err=100.0% p50=46ms p95=205ms p99=449ms statuses[401=1680]
  reads      ok=0 fail=8383 err=100.0% p50=44ms p95=139ms p99=239ms statuses[401=8383]
  events     ok=0 fail=16735 err=100.0% p50=45ms p95=150ms p99=231ms statuses[401=16735]

[t+10140s] total=27127 rate=2.7/s
  cron       ok=0 fail=170 err=100.0% p50=142ms p95=558ms p99=959ms statuses[401=170]
  webhook    ok=0 fail=1690 err=100.0% p50=46ms p95=205ms p99=449ms statuses[401=1690]
  reads      ok=0 fail=8433 err=100.0% p50=44ms p95=140ms p99=240ms statuses[401=8433]
  events     ok=0 fail=16834 err=100.0% p50=45ms p95=149ms p99=231ms statuses[401=16834]

[t+10200s] total=27287 rate=2.7/s
  cron       ok=0 fail=170 err=100.0% p50=142ms p95=558ms p99=959ms statuses[401=170]
  webhook    ok=0 fail=1700 err=100.0% p50=46ms p95=205ms p99=449ms statuses[401=1700]
  reads      ok=0 fail=8483 err=100.0% p50=44ms p95=139ms p99=241ms statuses[401=8483]
  events     ok=0 fail=16934 err=100.0% p50=45ms p95=151ms p99=232ms statuses[401=16934]

[t+10260s] total=27452 rate=2.7/s
  cron       ok=0 fail=175 err=100.0% p50=142ms p95=558ms p99=959ms statuses[401=175]
  webhook    ok=0 fail=1710 err=100.0% p50=46ms p95=205ms p99=449ms statuses[401=1710]
  reads      ok=0 fail=8533 err=100.0% p50=44ms p95=139ms p99=241ms statuses[401=8533]
  events     ok=0 fail=17034 err=100.0% p50=45ms p95=150ms p99=231ms statuses[401=17034]

[t+10320s] total=27611 rate=2.7/s
  cron       ok=0 fail=175 err=100.0% p50=142ms p95=558ms p99=959ms statuses[401=175]
  webhook    ok=0 fail=1720 err=100.0% p50=46ms p95=205ms p99=449ms statuses[401=1720]
  reads      ok=0 fail=8583 err=100.0% p50=44ms p95=139ms p99=241ms statuses[401=8583]
  events     ok=0 fail=17133 err=100.0% p50=45ms p95=150ms p99=231ms statuses[401=17133]

[t+10380s] total=27771 rate=2.7/s
  cron       ok=0 fail=175 err=100.0% p50=142ms p95=558ms p99=959ms statuses[401=175]
  webhook    ok=0 fail=1730 err=100.0% p50=46ms p95=206ms p99=449ms statuses[401=1730]
  reads      ok=0 fail=8633 err=100.0% p50=44ms p95=139ms p99=241ms statuses[401=8633]
  events     ok=0 fail=17233 err=100.0% p50=45ms p95=149ms p99=231ms statuses[401=17233]

[t+10440s] total=27931 rate=2.7/s
  cron       ok=0 fail=175 err=100.0% p50=142ms p95=558ms p99=959ms statuses[401=175]
  webhook    ok=0 fail=1740 err=100.0% p50=46ms p95=206ms p99=449ms statuses[401=1740]
  reads      ok=0 fail=8683 err=100.0% p50=44ms p95=137ms p99=241ms statuses[401=8683]
  events     ok=0 fail=17333 err=100.0% p50=45ms p95=149ms p99=231ms statuses[401=17333]

[t+10500s] total=28090 rate=2.7/s
  cron       ok=0 fail=175 err=100.0% p50=142ms p95=558ms p99=959ms statuses[401=175]
  webhook    ok=0 fail=1750 err=100.0% p50=46ms p95=205ms p99=449ms statuses[401=1750]
  reads      ok=0 fail=8733 err=100.0% p50=44ms p95=137ms p99=240ms statuses[401=8733]
  events     ok=0 fail=17432 err=100.0% p50=45ms p95=149ms p99=231ms statuses[401=17432]

[t+10560s] total=28254 rate=2.7/s
  cron       ok=0 fail=180 err=100.0% p50=142ms p95=558ms p99=959ms statuses[401=180]
  webhook    ok=0 fail=1760 err=100.0% p50=46ms p95=206ms p99=455ms statuses[401=1760]
  reads      ok=0 fail=8782 err=100.0% p50=44ms p95=137ms p99=241ms statuses[401=8782]
  events     ok=0 fail=17532 err=100.0% p50=45ms p95=150ms p99=232ms statuses[401=17532]

[t+10620s] total=28413 rate=2.7/s
  cron       ok=0 fail=180 err=100.0% p50=142ms p95=558ms p99=959ms statuses[401=180]
  webhook    ok=0 fail=1770 err=100.0% p50=46ms p95=205ms p99=455ms statuses[401=1770]
  reads      ok=0 fail=8832 err=100.0% p50=44ms p95=137ms p99=240ms statuses[401=8832]
  events     ok=0 fail=17631 err=100.0% p50=45ms p95=149ms p99=231ms statuses[401=17631]

[t+10680s] total=28573 rate=2.7/s
  cron       ok=0 fail=180 err=100.0% p50=142ms p95=558ms p99=959ms statuses[401=180]
  webhook    ok=0 fail=1780 err=100.0% p50=46ms p95=206ms p99=455ms statuses[401=1780]
  reads      ok=0 fail=8882 err=100.0% p50=44ms p95=137ms p99=240ms statuses[401=8882]
  events     ok=0 fail=17731 err=100.0% p50=45ms p95=147ms p99=231ms statuses[401=17731]

[t+10740s] total=28733 rate=2.7/s
  cron       ok=0 fail=180 err=100.0% p50=142ms p95=558ms p99=959ms statuses[401=180]
  webhook    ok=0 fail=1790 err=100.0% p50=46ms p95=205ms p99=455ms statuses[401=1790]
  reads      ok=0 fail=8932 err=100.0% p50=44ms p95=136ms p99=240ms statuses[401=8932]
  events     ok=0 fail=17831 err=100.0% p50=45ms p95=145ms p99=231ms statuses[401=17831]

[t+10800s] total=28892 rate=2.7/s
  cron       ok=0 fail=180 err=100.0% p50=142ms p95=558ms p99=959ms statuses[401=180]
  webhook    ok=0 fail=1800 err=100.0% p50=46ms p95=205ms p99=455ms statuses[401=1800]
  reads      ok=0 fail=8982 err=100.0% p50=44ms p95=137ms p99=240ms statuses[401=8982]
  events     ok=0 fail=17930 err=100.0% p50=45ms p95=144ms p99=231ms statuses[401=17930]

[t+10860s] total=29057 rate=2.7/s
  cron       ok=0 fail=185 err=100.0% p50=142ms p95=509ms p99=959ms statuses[401=185]
  webhook    ok=0 fail=1810 err=100.0% p50=46ms p95=205ms p99=449ms statuses[401=1810]
  reads      ok=0 fail=9032 err=100.0% p50=44ms p95=137ms p99=239ms statuses[401=9032]
  events     ok=0 fail=18030 err=100.0% p50=45ms p95=144ms p99=231ms statuses[401=18030]

[t+10920s] total=29217 rate=2.7/s
  cron       ok=0 fail=185 err=100.0% p50=142ms p95=509ms p99=959ms statuses[401=185]
  webhook    ok=0 fail=1820 err=100.0% p50=46ms p95=206ms p99=455ms statuses[401=1820]
  reads      ok=0 fail=9082 err=100.0% p50=44ms p95=137ms p99=239ms statuses[401=9082]
  events     ok=0 fail=18130 err=100.0% p50=45ms p95=144ms p99=231ms statuses[401=18130]

[t+10980s] total=29376 rate=2.7/s
  cron       ok=0 fail=185 err=100.0% p50=142ms p95=509ms p99=959ms statuses[401=185]
  webhook    ok=0 fail=1830 err=100.0% p50=46ms p95=205ms p99=455ms statuses[401=1830]
  reads      ok=0 fail=9132 err=100.0% p50=44ms p95=137ms p99=239ms statuses[401=9132]
  events     ok=0 fail=18229 err=100.0% p50=45ms p95=144ms p99=231ms statuses[401=18229]

[t+11040s] total=29535 rate=2.7/s
  cron       ok=0 fail=185 err=100.0% p50=142ms p95=509ms p99=959ms statuses[401=185]
  webhook    ok=0 fail=1840 err=100.0% p50=46ms p95=206ms p99=455ms statuses[401=1840]
  reads      ok=0 fail=9181 err=100.0% p50=44ms p95=137ms p99=239ms statuses[401=9181]
  events     ok=0 fail=18329 err=100.0% p50=45ms p95=144ms p99=231ms statuses[401=18329]

[t+11100s] total=29695 rate=2.7/s
  cron       ok=0 fail=185 err=100.0% p50=142ms p95=509ms p99=959ms statuses[401=185]
  webhook    ok=0 fail=1850 err=100.0% p50=46ms p95=206ms p99=462ms statuses[401=1850]
  reads      ok=0 fail=9232 err=100.0% p50=44ms p95=137ms p99=239ms statuses[401=9232]
  events     ok=0 fail=18428 err=100.0% p50=45ms p95=144ms p99=231ms statuses[401=18428]

[t+11160s] total=29859 rate=2.7/s
  cron       ok=0 fail=190 err=100.0% p50=142ms p95=509ms p99=959ms statuses[401=190]
  webhook    ok=0 fail=1860 err=100.0% p50=46ms p95=206ms p99=462ms statuses[401=1860]
  reads      ok=0 fail=9281 err=100.0% p50=44ms p95=139ms p99=240ms statuses[401=9281]
  events     ok=0 fail=18528 err=100.0% p50=45ms p95=143ms p99=231ms statuses[401=18528]

[t+11220s] total=30019 rate=2.7/s
  cron       ok=0 fail=190 err=100.0% p50=142ms p95=509ms p99=959ms statuses[401=190]
  webhook    ok=0 fail=1870 err=100.0% p50=46ms p95=206ms p99=462ms statuses[401=1870]
  reads      ok=0 fail=9331 err=100.0% p50=44ms p95=139ms p99=240ms statuses[401=9331]
  events     ok=0 fail=18628 err=100.0% p50=45ms p95=143ms p99=231ms statuses[401=18628]

[t+11280s] total=30178 rate=2.7/s
  cron       ok=0 fail=190 err=100.0% p50=142ms p95=509ms p99=959ms statuses[401=190]
  webhook    ok=0 fail=1880 err=100.0% p50=46ms p95=206ms p99=462ms statuses[401=1880]
  reads      ok=0 fail=9381 err=100.0% p50=44ms p95=141ms p99=241ms statuses[401=9381]
  events     ok=0 fail=18727 err=100.0% p50=45ms p95=143ms p99=231ms statuses[401=18727]

[t+11340s] total=30338 rate=2.7/s
  cron       ok=0 fail=190 err=100.0% p50=142ms p95=509ms p99=959ms statuses[401=190]
  webhook    ok=0 fail=1890 err=100.0% p50=46ms p95=206ms p99=462ms statuses[401=1890]
  reads      ok=0 fail=9431 err=100.0% p50=44ms p95=141ms p99=241ms statuses[401=9431]
  events     ok=0 fail=18827 err=100.0% p50=45ms p95=143ms p99=231ms statuses[401=18827]

[t+11400s] total=30498 rate=2.7/s
  cron       ok=0 fail=190 err=100.0% p50=142ms p95=509ms p99=959ms statuses[401=190]
  webhook    ok=0 fail=1900 err=100.0% p50=46ms p95=207ms p99=462ms statuses[401=1900]
  reads      ok=0 fail=9481 err=100.0% p50=44ms p95=142ms p99=243ms statuses[401=9481]
  events     ok=0 fail=18927 err=100.0% p50=45ms p95=146ms p99=232ms statuses[401=18927]

[t+11460s] total=30662 rate=2.7/s
  cron       ok=0 fail=195 err=100.0% p50=142ms p95=545ms p99=959ms statuses[401=195]
  webhook    ok=0 fail=1910 err=100.0% p50=46ms p95=207ms p99=455ms statuses[401=1910]
  reads      ok=0 fail=9531 err=100.0% p50=44ms p95=143ms p99=242ms statuses[401=9531]
  events     ok=0 fail=19026 err=100.0% p50=45ms p95=147ms p99=234ms statuses[401=19026]

[t+11520s] total=30822 rate=2.7/s
  cron       ok=0 fail=195 err=100.0% p50=142ms p95=545ms p99=959ms statuses[401=195]
  webhook    ok=0 fail=1920 err=100.0% p50=46ms p95=207ms p99=455ms statuses[401=1920]
  reads      ok=0 fail=9581 err=100.0% p50=44ms p95=144ms p99=242ms statuses[401=9581]
  events     ok=0 fail=19126 err=100.0% p50=45ms p95=150ms p99=234ms statuses[401=19126]

[t+11580s] total=30982 rate=2.7/s
  cron       ok=0 fail=195 err=100.0% p50=142ms p95=545ms p99=959ms statuses[401=195]
  webhook    ok=0 fail=1930 err=100.0% p50=46ms p95=207ms p99=455ms statuses[401=1930]
  reads      ok=0 fail=9631 err=100.0% p50=44ms p95=144ms p99=242ms statuses[401=9631]
  events     ok=0 fail=19226 err=100.0% p50=45ms p95=152ms p99=234ms statuses[401=19226]

[t+11640s] total=31141 rate=2.7/s
  cron       ok=0 fail=195 err=100.0% p50=142ms p95=545ms p99=959ms statuses[401=195]
  webhook    ok=0 fail=1940 err=100.0% p50=46ms p95=207ms p99=455ms statuses[401=1940]
  reads      ok=0 fail=9681 err=100.0% p50=44ms p95=144ms p99=242ms statuses[401=9681]
  events     ok=0 fail=19325 err=100.0% p50=45ms p95=154ms p99=234ms statuses[401=19325]

[t+11700s] total=31301 rate=2.7/s
  cron       ok=0 fail=195 err=100.0% p50=142ms p95=545ms p99=959ms statuses[401=195]
  webhook    ok=0 fail=1950 err=100.0% p50=46ms p95=206ms p99=455ms statuses[401=1950]
  reads      ok=0 fail=9731 err=100.0% p50=44ms p95=145ms p99=242ms statuses[401=9731]
  events     ok=0 fail=19425 err=100.0% p50=45ms p95=154ms p99=234ms statuses[401=19425]

[t+11760s] total=31465 rate=2.7/s
  cron       ok=0 fail=200 err=100.0% p50=142ms p95=545ms p99=959ms statuses[401=200]
  webhook    ok=0 fail=1960 err=100.0% p50=46ms p95=206ms p99=455ms statuses[401=1960]
  reads      ok=0 fail=9780 err=100.0% p50=44ms p95=145ms p99=242ms statuses[401=9780]
  events     ok=0 fail=19525 err=100.0% p50=45ms p95=154ms p99=234ms statuses[401=19525]

[t+11820s] total=31624 rate=2.7/s
  cron       ok=0 fail=200 err=100.0% p50=142ms p95=545ms p99=959ms statuses[401=200]
  webhook    ok=0 fail=1970 err=100.0% p50=46ms p95=206ms p99=455ms statuses[401=1970]
  reads      ok=0 fail=9830 err=100.0% p50=44ms p95=147ms p99=243ms statuses[401=9830]
  events     ok=0 fail=19624 err=100.0% p50=45ms p95=156ms p99=236ms statuses[401=19624]

[t+11880s] total=31784 rate=2.7/s
  cron       ok=0 fail=200 err=100.0% p50=142ms p95=545ms p99=959ms statuses[401=200]
  webhook    ok=0 fail=1980 err=100.0% p50=46ms p95=206ms p99=462ms statuses[401=1980]
  reads      ok=0 fail=9880 err=100.0% p50=44ms p95=148ms p99=245ms statuses[401=9880]
  events     ok=0 fail=19724 err=100.0% p50=45ms p95=157ms p99=237ms statuses[401=19724]

[t+11940s] total=31943 rate=2.7/s
  cron       ok=0 fail=200 err=100.0% p50=142ms p95=545ms p99=959ms statuses[401=200]
  webhook    ok=0 fail=1990 err=100.0% p50=46ms p95=206ms p99=462ms statuses[401=1990]
  reads      ok=0 fail=9930 err=100.0% p50=44ms p95=151ms p99=251ms statuses[401=9930]
  events     ok=0 fail=19823 err=100.0% p50=45ms p95=161ms p99=241ms statuses[401=19823]

[t+12000s] total=32103 rate=2.7/s
  cron       ok=0 fail=200 err=100.0% p50=142ms p95=545ms p99=959ms statuses[401=200]
  webhook    ok=0 fail=2000 err=100.0% p50=46ms p95=207ms p99=462ms statuses[401=2000]
  reads      ok=0 fail=9980 err=100.0% p50=44ms p95=152ms p99=251ms statuses[401=9980]
  events     ok=0 fail=19923 err=100.0% p50=45ms p95=162ms p99=242ms statuses[401=19923]

[t+12060s] total=32268 rate=2.7/s
  cron       ok=0 fail=205 err=100.0% p50=142ms p95=509ms p99=695ms statuses[401=205]
  webhook    ok=0 fail=2010 err=100.0% p50=46ms p95=207ms p99=462ms statuses[401=2010]
  reads      ok=0 fail=10030 err=100.0% p50=44ms p95=151ms p99=251ms statuses[401=10030]
  events     ok=0 fail=20023 err=100.0% p50=45ms p95=164ms p99=242ms statuses[401=20023]

[t+12120s] total=32428 rate=2.7/s
  cron       ok=0 fail=205 err=100.0% p50=142ms p95=509ms p99=695ms statuses[401=205]
  webhook    ok=0 fail=2020 err=100.0% p50=46ms p95=207ms p99=462ms statuses[401=2020]
  reads      ok=0 fail=10080 err=100.0% p50=44ms p95=154ms p99=251ms statuses[401=10080]
  events     ok=0 fail=20123 err=100.0% p50=45ms p95=165ms p99=242ms statuses[401=20123]

[t+12180s] total=32587 rate=2.7/s
  cron       ok=0 fail=205 err=100.0% p50=142ms p95=509ms p99=695ms statuses[401=205]
  webhook    ok=0 fail=2030 err=100.0% p50=46ms p95=207ms p99=462ms statuses[401=2030]
  reads      ok=0 fail=10130 err=100.0% p50=44ms p95=153ms p99=251ms statuses[401=10130]
  events     ok=0 fail=20222 err=100.0% p50=45ms p95=168ms p99=242ms statuses[401=20222]

[t+12240s] total=32747 rate=2.7/s
  cron       ok=0 fail=205 err=100.0% p50=142ms p95=509ms p99=695ms statuses[401=205]
  webhook    ok=0 fail=2040 err=100.0% p50=46ms p95=207ms p99=462ms statuses[401=2040]
  reads      ok=0 fail=10180 err=100.0% p50=44ms p95=154ms p99=253ms statuses[401=10180]
  events     ok=0 fail=20322 err=100.0% p50=45ms p95=171ms p99=243ms statuses[401=20322]

[t+12300s] total=32906 rate=2.7/s
  cron       ok=0 fail=205 err=100.0% p50=142ms p95=509ms p99=695ms statuses[401=205]
  webhook    ok=0 fail=2050 err=100.0% p50=46ms p95=206ms p99=462ms statuses[401=2050]
  reads      ok=0 fail=10230 err=100.0% p50=44ms p95=153ms p99=251ms statuses[401=10230]
  events     ok=0 fail=20421 err=100.0% p50=45ms p95=172ms p99=243ms statuses[401=20421]

[t+12360s] total=33070 rate=2.7/s
  cron       ok=0 fail=210 err=100.0% p50=142ms p95=509ms p99=695ms statuses[401=210]
  webhook    ok=0 fail=2060 err=100.0% p50=46ms p95=206ms p99=462ms statuses[401=2060]
  reads      ok=0 fail=10279 err=100.0% p50=44ms p95=153ms p99=251ms statuses[401=10279]
  events     ok=0 fail=20521 err=100.0% p50=45ms p95=178ms p99=243ms statuses[401=20521]

[t+12420s] total=33230 rate=2.7/s
  cron       ok=0 fail=210 err=100.0% p50=142ms p95=509ms p99=695ms statuses[401=210]
  webhook    ok=0 fail=2070 err=100.0% p50=46ms p95=206ms p99=462ms statuses[401=2070]
  reads      ok=0 fail=10329 err=100.0% p50=44ms p95=151ms p99=251ms statuses[401=10329]
  events     ok=0 fail=20621 err=100.0% p50=45ms p95=181ms p99=243ms statuses[401=20621]

[t+12480s] total=33389 rate=2.7/s
  cron       ok=0 fail=210 err=100.0% p50=142ms p95=509ms p99=695ms statuses[401=210]
  webhook    ok=0 fail=2080 err=100.0% p50=46ms p95=206ms p99=462ms statuses[401=2080]
  reads      ok=0 fail=10379 err=100.0% p50=44ms p95=155ms p99=253ms statuses[401=10379]
  events     ok=0 fail=20720 err=100.0% p50=45ms p95=183ms p99=243ms statuses[401=20720]

[t+12540s] total=33549 rate=2.7/s
  cron       ok=0 fail=210 err=100.0% p50=142ms p95=509ms p99=695ms statuses[401=210]
  webhook    ok=0 fail=2090 err=100.0% p50=46ms p95=206ms p99=462ms statuses[401=2090]
  reads      ok=0 fail=10429 err=100.0% p50=44ms p95=156ms p99=251ms statuses[401=10429]
  events     ok=0 fail=20820 err=100.0% p50=45ms p95=184ms p99=243ms statuses[401=20820]

[t+12600s] total=33708 rate=2.7/s
  cron       ok=0 fail=210 err=100.0% p50=142ms p95=509ms p99=695ms statuses[401=210]
  webhook    ok=0 fail=2100 err=100.0% p50=46ms p95=207ms p99=467ms statuses[401=2100]
  reads      ok=0 fail=10479 err=100.0% p50=44ms p95=156ms p99=251ms statuses[401=10479]
  events     ok=0 fail=20919 err=100.0% p50=45ms p95=186ms p99=243ms statuses[401=20919]

[t+12660s] total=33873 rate=2.7/s
  cron       ok=0 fail=215 err=100.0% p50=142ms p95=531ms p99=695ms statuses[401=215]
  webhook    ok=0 fail=2110 err=100.0% p50=46ms p95=207ms p99=462ms statuses[401=2110]
  reads      ok=0 fail=10529 err=100.0% p50=44ms p95=155ms p99=251ms statuses[401=10529]
  events     ok=0 fail=21019 err=100.0% p50=45ms p95=186ms p99=243ms statuses[401=21019]

[t+12720s] total=34033 rate=2.7/s
  cron       ok=0 fail=215 err=100.0% p50=142ms p95=531ms p99=695ms statuses[401=215]
  webhook    ok=0 fail=2120 err=100.0% p50=46ms p95=207ms p99=467ms statuses[401=2120]
  reads      ok=0 fail=10579 err=100.0% p50=44ms p95=157ms p99=253ms statuses[401=10579]
  events     ok=0 fail=21119 err=100.0% p50=45ms p95=186ms p99=243ms statuses[401=21119]

[t+12780s] total=34192 rate=2.7/s
  cron       ok=0 fail=215 err=100.0% p50=142ms p95=531ms p99=695ms statuses[401=215]
  webhook    ok=0 fail=2130 err=100.0% p50=46ms p95=207ms p99=467ms statuses[401=2130]
  reads      ok=0 fail=10629 err=100.0% p50=44ms p95=155ms p99=253ms statuses[401=10629]
  events     ok=0 fail=21218 err=100.0% p50=45ms p95=192ms p99=243ms statuses[401=21218]

[t+12840s] total=34352 rate=2.7/s
  cron       ok=0 fail=215 err=100.0% p50=142ms p95=531ms p99=695ms statuses[401=215]
  webhook    ok=0 fail=2140 err=100.0% p50=46ms p95=207ms p99=467ms statuses[401=2140]
  reads      ok=0 fail=10679 err=100.0% p50=44ms p95=157ms p99=257ms statuses[401=10679]
  events     ok=0 fail=21318 err=100.0% p50=45ms p95=196ms p99=243ms statuses[401=21318]

[t+12900s] total=34511 rate=2.7/s
  cron       ok=0 fail=215 err=100.0% p50=142ms p95=531ms p99=695ms statuses[401=215]
  webhook    ok=0 fail=2150 err=100.0% p50=46ms p95=207ms p99=467ms statuses[401=2150]
  reads      ok=0 fail=10729 err=100.0% p50=44ms p95=155ms p99=254ms statuses[401=10729]
  events     ok=0 fail=21417 err=100.0% p50=45ms p95=197ms p99=243ms statuses[401=21417]

[t+12960s] total=34676 rate=2.7/s
  cron       ok=0 fail=220 err=100.0% p50=142ms p95=531ms p99=695ms statuses[401=220]
  webhook    ok=0 fail=2160 err=100.0% p50=46ms p95=207ms p99=467ms statuses[401=2160]
  reads      ok=0 fail=10779 err=100.0% p50=44ms p95=157ms p99=254ms statuses[401=10779]
  events     ok=0 fail=21517 err=100.0% p50=45ms p95=198ms p99=243ms statuses[401=21517]

[t+13020s] total=34835 rate=2.7/s
  cron       ok=0 fail=220 err=100.0% p50=142ms p95=531ms p99=695ms statuses[401=220]
  webhook    ok=0 fail=2170 err=100.0% p50=46ms p95=207ms p99=467ms statuses[401=2170]
  reads      ok=0 fail=10828 err=100.0% p50=44ms p95=160ms p99=253ms statuses[401=10828]
  events     ok=0 fail=21617 err=100.0% p50=45ms p95=197ms p99=243ms statuses[401=21617]

[t+13080s] total=34994 rate=2.7/s
  cron       ok=0 fail=220 err=100.0% p50=142ms p95=531ms p99=695ms statuses[401=220]
  webhook    ok=0 fail=2180 err=100.0% p50=46ms p95=207ms p99=467ms statuses[401=2180]
  reads      ok=0 fail=10878 err=100.0% p50=44ms p95=157ms p99=253ms statuses[401=10878]
  events     ok=0 fail=21716 err=100.0% p50=45ms p95=196ms p99=243ms statuses[401=21716]

[t+13140s] total=35154 rate=2.7/s
  cron       ok=0 fail=220 err=100.0% p50=142ms p95=531ms p99=695ms statuses[401=220]
  webhook    ok=0 fail=2190 err=100.0% p50=46ms p95=207ms p99=467ms statuses[401=2190]
  reads      ok=0 fail=10928 err=100.0% p50=44ms p95=157ms p99=253ms statuses[401=10928]
  events     ok=0 fail=21816 err=100.0% p50=45ms p95=195ms p99=243ms statuses[401=21816]

[t+13200s] total=35313 rate=2.7/s
  cron       ok=0 fail=220 err=100.0% p50=142ms p95=531ms p99=695ms statuses[401=220]
  webhook    ok=0 fail=2200 err=100.0% p50=46ms p95=207ms p99=467ms statuses[401=2200]
  reads      ok=0 fail=10978 err=100.0% p50=44ms p95=156ms p99=253ms statuses[401=10978]
  events     ok=0 fail=21915 err=100.0% p50=45ms p95=197ms p99=242ms statuses[401=21915]

[t+13260s] total=35477 rate=2.7/s
  cron       ok=0 fail=225 err=100.0% p50=142ms p95=531ms p99=959ms statuses[401=225]
  webhook    ok=0 fail=2210 err=100.0% p50=46ms p95=207ms p99=464ms statuses[401=2210]
  reads      ok=0 fail=11028 err=100.0% p50=44ms p95=157ms p99=253ms statuses[401=11028]
  events     ok=0 fail=22014 err=100.0% p50=45ms p95=196ms p99=242ms statuses[401=22014]

[t+13320s] total=35638 rate=2.7/s
  cron       ok=0 fail=225 err=100.0% p50=142ms p95=531ms p99=959ms statuses[401=225]
  webhook    ok=0 fail=2220 err=100.0% p50=46ms p95=207ms p99=467ms statuses[401=2220]
  reads      ok=0 fail=11078 err=100.0% p50=44ms p95=157ms p99=253ms statuses[401=11078]
  events     ok=0 fail=22115 err=100.0% p50=45ms p95=196ms p99=243ms statuses[401=22115]

[t+13380s] total=35797 rate=2.7/s
  cron       ok=0 fail=225 err=100.0% p50=142ms p95=531ms p99=959ms statuses[401=225]
  webhook    ok=0 fail=2230 err=100.0% p50=46ms p95=207ms p99=467ms statuses[401=2230]
  reads      ok=0 fail=11128 err=100.0% p50=44ms p95=161ms p99=253ms statuses[401=11128]
  events     ok=0 fail=22214 err=100.0% p50=45ms p95=196ms p99=243ms statuses[401=22214]

[t+13440s] total=35957 rate=2.7/s
  cron       ok=0 fail=225 err=100.0% p50=142ms p95=531ms p99=959ms statuses[401=225]
  webhook    ok=0 fail=2240 err=100.0% p50=46ms p95=208ms p99=467ms statuses[401=2240]
  reads      ok=0 fail=11178 err=100.0% p50=44ms p95=160ms p99=253ms statuses[401=11178]
  events     ok=0 fail=22314 err=100.0% p50=45ms p95=197ms p99=243ms statuses[401=22314]

[t+13500s] total=36117 rate=2.7/s
  cron       ok=0 fail=225 err=100.0% p50=142ms p95=531ms p99=959ms statuses[401=225]
  webhook    ok=0 fail=2250 err=100.0% p50=46ms p95=207ms p99=467ms statuses[401=2250]
  reads      ok=0 fail=11228 err=100.0% p50=44ms p95=157ms p99=251ms statuses[401=11228]
  events     ok=0 fail=22414 err=100.0% p50=45ms p95=198ms p99=243ms statuses[401=22414]

[t+13560s] total=36281 rate=2.7/s
  cron       ok=0 fail=230 err=100.0% p50=142ms p95=531ms p99=959ms statuses[401=230]
  webhook    ok=0 fail=2260 err=100.0% p50=46ms p95=208ms p99=467ms statuses[401=2260]
  reads      ok=0 fail=11278 err=100.0% p50=44ms p95=157ms p99=251ms statuses[401=11278]
  events     ok=0 fail=22513 err=100.0% p50=45ms p95=198ms p99=243ms statuses[401=22513]

[t+13620s] total=36440 rate=2.7/s
  cron       ok=0 fail=230 err=100.0% p50=142ms p95=531ms p99=959ms statuses[401=230]
  webhook    ok=0 fail=2270 err=100.0% p50=46ms p95=207ms p99=467ms statuses[401=2270]
  reads      ok=0 fail=11327 err=100.0% p50=44ms p95=154ms p99=251ms statuses[401=11327]
  events     ok=0 fail=22613 err=100.0% p50=45ms p95=198ms p99=243ms statuses[401=22613]

[t+13680s] total=36599 rate=2.7/s
  cron       ok=0 fail=230 err=100.0% p50=142ms p95=531ms p99=959ms statuses[401=230]
  webhook    ok=0 fail=2280 err=100.0% p50=46ms p95=208ms p99=467ms statuses[401=2280]
  reads      ok=0 fail=11377 err=100.0% p50=44ms p95=155ms p99=251ms statuses[401=11377]
  events     ok=0 fail=22712 err=100.0% p50=45ms p95=198ms p99=243ms statuses[401=22712]

[t+13740s] total=36758 rate=2.7/s
  cron       ok=0 fail=230 err=100.0% p50=142ms p95=531ms p99=959ms statuses[401=230]
  webhook    ok=0 fail=2289 err=100.0% p50=46ms p95=207ms p99=467ms statuses[401=2289]
  reads      ok=0 fail=11427 err=100.0% p50=44ms p95=161ms p99=249ms statuses[401=11427]
  events     ok=0 fail=22812 err=100.0% p50=45ms p95=198ms p99=243ms statuses[401=22812]

[t+13800s] total=36919 rate=2.7/s
  cron       ok=0 fail=230 err=100.0% p50=142ms p95=531ms p99=959ms statuses[401=230]
  webhook    ok=0 fail=2300 err=100.0% p50=46ms p95=208ms p99=467ms statuses[401=2300]
  reads      ok=0 fail=11477 err=100.0% p50=44ms p95=161ms p99=249ms statuses[401=11477]
  events     ok=0 fail=22912 err=100.0% p50=45ms p95=199ms p99=243ms statuses[401=22912]

[t+13860s] total=37083 rate=2.7/s
  cron       ok=0 fail=235 err=100.0% p50=142ms p95=531ms p99=959ms statuses[401=235]
  webhook    ok=0 fail=2310 err=100.0% p50=46ms p95=207ms p99=464ms statuses[401=2310]
  reads      ok=0 fail=11527 err=100.0% p50=44ms p95=157ms p99=246ms statuses[401=11527]
  events     ok=0 fail=23011 err=100.0% p50=45ms p95=199ms p99=243ms statuses[401=23011]

[t+13920s] total=37243 rate=2.7/s
  cron       ok=0 fail=235 err=100.0% p50=142ms p95=531ms p99=959ms statuses[401=235]
  webhook    ok=0 fail=2320 err=100.0% p50=46ms p95=208ms p99=464ms statuses[401=2320]
  reads      ok=0 fail=11577 err=100.0% p50=44ms p95=157ms p99=246ms statuses[401=11577]
  events     ok=0 fail=23111 err=100.0% p50=45ms p95=199ms p99=243ms statuses[401=23111]

[t+13980s] total=37402 rate=2.7/s
  cron       ok=0 fail=235 err=100.0% p50=142ms p95=531ms p99=959ms statuses[401=235]
  webhook    ok=0 fail=2330 err=100.0% p50=46ms p95=207ms p99=464ms statuses[401=2330]
  reads      ok=0 fail=11627 err=100.0% p50=44ms p95=154ms p99=245ms statuses[401=11627]
  events     ok=0 fail=23210 err=100.0% p50=45ms p95=199ms p99=243ms statuses[401=23210]

[t+14040s] total=37562 rate=2.7/s
  cron       ok=0 fail=235 err=100.0% p50=142ms p95=531ms p99=959ms statuses[401=235]
  webhook    ok=0 fail=2340 err=100.0% p50=46ms p95=208ms p99=464ms statuses[401=2340]
  reads      ok=0 fail=11677 err=100.0% p50=44ms p95=154ms p99=246ms statuses[401=11677]
  events     ok=0 fail=23310 err=100.0% p50=45ms p95=199ms p99=243ms statuses[401=23310]

[t+14100s] total=37722 rate=2.7/s
  cron       ok=0 fail=235 err=100.0% p50=142ms p95=531ms p99=959ms statuses[401=235]
  webhook    ok=0 fail=2350 err=100.0% p50=46ms p95=207ms p99=464ms statuses[401=2350]
  reads      ok=0 fail=11727 err=100.0% p50=44ms p95=155ms p99=249ms statuses[401=11727]
  events     ok=0 fail=23410 err=100.0% p50=45ms p95=199ms p99=243ms statuses[401=23410]

[t+14160s] total=37884 rate=2.7/s
  cron       ok=0 fail=240 err=100.0% p50=142ms p95=531ms p99=959ms statuses[401=240]
  webhook    ok=0 fail=2359 err=100.0% p50=46ms p95=207ms p99=464ms statuses[401=2359]
  reads      ok=0 fail=11776 err=100.0% p50=44ms p95=155ms p99=249ms statuses[401=11776]
  events     ok=0 fail=23509 err=100.0% p50=45ms p95=199ms p99=243ms statuses[401=23509]

[t+14220s] total=38044 rate=2.7/s
  cron       ok=0 fail=240 err=100.0% p50=142ms p95=531ms p99=959ms statuses[401=240]
  webhook    ok=0 fail=2369 err=100.0% p50=46ms p95=207ms p99=464ms statuses[401=2369]
  reads      ok=0 fail=11826 err=100.0% p50=44ms p95=155ms p99=249ms statuses[401=11826]
  events     ok=0 fail=23609 err=100.0% p50=45ms p95=200ms p99=243ms statuses[401=23609]

[t+14280s] total=38204 rate=2.7/s
  cron       ok=0 fail=240 err=100.0% p50=142ms p95=531ms p99=959ms statuses[401=240]
  webhook    ok=0 fail=2379 err=100.0% p50=46ms p95=207ms p99=464ms statuses[401=2379]
  reads      ok=0 fail=11876 err=100.0% p50=44ms p95=153ms p99=249ms statuses[401=11876]
  events     ok=0 fail=23709 err=100.0% p50=45ms p95=200ms p99=243ms statuses[401=23709]

[t+14340s] total=38363 rate=2.7/s
  cron       ok=0 fail=240 err=100.0% p50=142ms p95=531ms p99=959ms statuses[401=240]
  webhook    ok=0 fail=2389 err=100.0% p50=46ms p95=207ms p99=464ms statuses[401=2389]
  reads      ok=0 fail=11926 err=100.0% p50=44ms p95=152ms p99=246ms statuses[401=11926]
  events     ok=0 fail=23808 err=100.0% p50=45ms p95=199ms p99=242ms statuses[401=23808]

=== FINAL SUMMARY (240min mixed mode) ===

[t+14400s] total=38522 rate=2.7/s
  cron       ok=0 fail=240 err=100.0% p50=142ms p95=531ms p99=959ms statuses[401=240]
  webhook    ok=0 fail=2399 err=100.0% p50=46ms p95=207ms p99=464ms statuses[401=2399]
  reads      ok=0 fail=11976 err=100.0% p50=44ms p95=153ms p99=251ms statuses[401=11976]
  events     ok=0 fail=23907 err=100.0% p50=45ms p95=199ms p99=242ms statuses[401=23907]
